{"filter":false,"title":"rspec.log","tooltip":"/Bookers2/rspec.log","undoManager":{"mark":0,"position":0,"stack":[[{"start":{"row":231,"column":0},"end":{"row":1428,"column":0},"action":"insert","lines":["\u001b[31m        ユーザ画像・名前のリンク先が正しい (FAILED - 30)\u001b[0m","\u001b[32m        投稿のtitleが表示される\u001b[0m","\u001b[32m        投稿のopinionが表示される\u001b[0m","\u001b[31m        投稿の編集リンクが表示されない (FAILED - 31)\u001b[0m","\u001b[31m        投稿の削除リンクが表示されない (FAILED - 32)\u001b[0m","      サイドバーの確認","\u001b[31m        他人の名前と紹介文が表示される (FAILED - 33)\u001b[0m","\u001b[31m        他人のユーザ編集画面へのリンクが存在する (FAILED - 34)\u001b[0m","\u001b[31m        自分の名前と紹介文は表示されない (FAILED - 35)\u001b[0m","\u001b[31m        自分のユーザ編集画面へのリンクは存在しない (FAILED - 36)\u001b[0m","    他人の投稿編集画面","\u001b[31m      遷移できず、投稿一覧画面にリダイレクトされる (FAILED - 37)\u001b[0m","    他人のユーザ詳細画面のテスト","      表示の確認","\u001b[32m        URLが正しい\u001b[0m","\u001b[31m        投稿一覧のユーザ画像のリンク先が正しい (FAILED - 38)\u001b[0m","\u001b[31m        投稿一覧に他人の投稿のtitleが表示され、リンクが正しい (FAILED - 39)\u001b[0m","\u001b[32m        投稿一覧に他人の投稿のopinionが表示される\u001b[0m","\u001b[32m        自分の投稿は表示されない\u001b[0m","      サイドバーの確認","\u001b[32m        他人の名前と紹介文が表示される\u001b[0m","\u001b[31m        他人のユーザ編集画面へのリンクが存在する (FAILED - 40)\u001b[0m","\u001b[32m        自分の名前と紹介文は表示されない\u001b[0m","\u001b[32m        自分のユーザ編集画面へのリンクは存在しない\u001b[0m","    他人のユーザ情報編集画面","\u001b[32m      遷移できず、自分のユーザ詳細画面にリダイレクトされる\u001b[0m","  グリッドシステムのテスト: container, row, col-md-〇を正しく使えている","\u001b[32m    ユーザ一覧画面\u001b[0m","\u001b[31m    ユーザ詳細画面 (FAILED - 41)\u001b[0m","\u001b[31m    投稿一覧画面 (FAILED - 42)\u001b[0m","\u001b[32m    投稿詳細画面\u001b[0m","  アイコンのテスト","    トップ画面","\u001b[32m      本のアイコンが表示される\u001b[0m","    アバウト画面","\u001b[32m      本のアイコンが表示される\u001b[0m","    ヘッダー: ログインしていない場合","\u001b[32m      Homeリンクのアイコンが表示される\u001b[0m","\u001b[32m      Aboutリンクのアイコンが表示される\u001b[0m","\u001b[32m      sign upリンクのアイコンが表示される\u001b[0m","\u001b[32m      loginリンクのアイコンが表示される\u001b[0m","    ヘッダー: ログインしている場合","\u001b[32m      Homeリンクのアイコンが表示される\u001b[0m","\u001b[32m      Usersリンクのアイコンが表示される\u001b[0m","\u001b[32m      Booksリンクのアイコンが表示される\u001b[0m","\u001b[32m      log outリンクのアイコンが表示される\u001b[0m","    サイドバー","\u001b[32m      ユーザ一覧画面でレンチアイコンが表示される\u001b[0m","\u001b[32m      ユーザ詳細画面でレンチアイコンが表示される\u001b[0m","\u001b[31m      投稿一覧画面でレンチアイコンが表示される (FAILED - 43)\u001b[0m","\u001b[32m      投稿詳細画面でレンチアイコンが表示される\u001b[0m","","Failures:","","  1) [STEP1] ユーザログイン前のテスト ユーザログアウトのテスト ログアウト機能のテスト 正しくログアウトできている: ログアウト後のリダイレクト先においてAbout画面へのリンクが存在する","     \u001b[31mFailure/Error: expect(page).to have_link '', href: '/home/about'\u001b[0m","     \u001b[31m  expected to find link \"\" with href \"/home/about\" but there were no matches\u001b[0m","     \u001b[36m# ./spec/system/01_before_login_spec.rb:250:in `block (4 levels) in <main>'\u001b[0m","","  2) [STEP1] ユーザログイン前のテスト ユーザログアウトのテスト ログアウト機能のテスト ログアウト後のリダイレクト先が、トップになっている","     \u001b[31mFailure/Error: expect(current_path).to eq '/'\u001b[0m","     \u001b[31m\u001b[0m","     \u001b[31m  expected: \"/\"\u001b[0m","     \u001b[31m       got: \"/home/about\"\u001b[0m","     \u001b[31m\u001b[0m","     \u001b[31m  (compared using ==)\u001b[0m","     \u001b[36m# ./spec/system/01_before_login_spec.rb:253:in `block (4 levels) in <main>'\u001b[0m","","  3) [STEP2] ユーザログイン後のテスト ヘッダーのテスト: ログインしている場合 リンクの内容を確認: ※logoutは『ユーザログアウトのテスト』でテスト済みになります。 Homeを押すと、自分のユーザ詳細画面に遷移する","     \u001b[31mFailure/Error: is_expected.to eq '/users/' + user.id.to_s\u001b[0m","     \u001b[31m\u001b[0m","     \u001b[31m  expected: \"/users/2\"\u001b[0m","     \u001b[31m       got: \"/\"\u001b[0m","     \u001b[31m\u001b[0m","     \u001b[31m  (compared using ==)\u001b[0m","     \u001b[36m# ./spec/system/02_after_login_spec.rb:24:in `block (4 levels) in <main>'\u001b[0m","","  4) [STEP2] ユーザログイン後のテスト ヘッダーのテスト: ログインしている場合 リンクの内容を確認: ※logoutは『ユーザログアウトのテスト』でテスト済みになります。 Booksを押すと、投稿一覧画面に遷移する","     \u001b[31mFailure/Error: @book = Book.find(params[:id])\u001b[0m","     \u001b[31m\u001b[0m","     \u001b[31mActiveRecord::RecordNotFound:\u001b[0m","     \u001b[31m  Couldn't find Book without an ID\u001b[0m","     \u001b[36m# ./app/controllers/books_controller.rb:8:in `index'\u001b[0m","     \u001b[36m# /home/ec2-user/.rvm/gems/ruby-2.6.3/gems/warden-1.2.9/lib/warden/manager.rb:36:in `block in call'\u001b[0m","     \u001b[36m# /home/ec2-user/.rvm/gems/ruby-2.6.3/gems/warden-1.2.9/lib/warden/manager.rb:34:in `catch'\u001b[0m","     \u001b[36m# /home/ec2-user/.rvm/gems/ruby-2.6.3/gems/warden-1.2.9/lib/warden/manager.rb:34:in `call'\u001b[0m","     \u001b[36m# /home/ec2-user/.rvm/gems/ruby-2.6.3/gems/rack-2.2.3/lib/rack/tempfile_reaper.rb:15:in `call'\u001b[0m","     \u001b[36m# /home/ec2-user/.rvm/gems/ruby-2.6.3/gems/rack-2.2.3/lib/rack/etag.rb:27:in `call'\u001b[0m","     \u001b[36m# /home/ec2-user/.rvm/gems/ruby-2.6.3/gems/rack-2.2.3/lib/rack/conditional_get.rb:27:in `call'\u001b[0m","     \u001b[36m# /home/ec2-user/.rvm/gems/ruby-2.6.3/gems/rack-2.2.3/lib/rack/head.rb:12:in `call'\u001b[0m","     \u001b[36m# /home/ec2-user/.rvm/gems/ruby-2.6.3/gems/rack-2.2.3/lib/rack/session/abstract/id.rb:266:in `context'\u001b[0m","     \u001b[36m# /home/ec2-user/.rvm/gems/ruby-2.6.3/gems/rack-2.2.3/lib/rack/session/abstract/id.rb:260:in `call'\u001b[0m","     \u001b[36m# /home/ec2-user/.rvm/gems/ruby-2.6.3/gems/railties-5.2.5/lib/rails/rack/logger.rb:38:in `call_app'\u001b[0m","     \u001b[36m# /home/ec2-user/.rvm/gems/ruby-2.6.3/gems/railties-5.2.5/lib/rails/rack/logger.rb:26:in `block in call'\u001b[0m","     \u001b[36m# /home/ec2-user/.rvm/gems/ruby-2.6.3/gems/railties-5.2.5/lib/rails/rack/logger.rb:26:in `call'\u001b[0m","     \u001b[36m# /home/ec2-user/.rvm/gems/ruby-2.6.3/gems/rack-2.2.3/lib/rack/method_override.rb:24:in `call'\u001b[0m","     \u001b[36m# /home/ec2-user/.rvm/gems/ruby-2.6.3/gems/rack-2.2.3/lib/rack/runtime.rb:22:in `call'\u001b[0m","     \u001b[36m# /home/ec2-user/.rvm/gems/ruby-2.6.3/gems/rack-2.2.3/lib/rack/sendfile.rb:110:in `call'\u001b[0m","     \u001b[36m# /home/ec2-user/.rvm/gems/ruby-2.6.3/gems/railties-5.2.5/lib/rails/engine.rb:524:in `call'\u001b[0m","     \u001b[36m# /home/ec2-user/.rvm/gems/ruby-2.6.3/gems/rack-2.2.3/lib/rack/urlmap.rb:74:in `block in call'\u001b[0m","     \u001b[36m# /home/ec2-user/.rvm/gems/ruby-2.6.3/gems/rack-2.2.3/lib/rack/urlmap.rb:58:in `each'\u001b[0m","     \u001b[36m# /home/ec2-user/.rvm/gems/ruby-2.6.3/gems/rack-2.2.3/lib/rack/urlmap.rb:58:in `call'\u001b[0m","     \u001b[36m# /home/ec2-user/.rvm/gems/ruby-2.6.3/gems/rack-2.2.3/lib/rack/builder.rb:244:in `call'\u001b[0m","     \u001b[36m# /home/ec2-user/.rvm/gems/ruby-2.6.3/gems/rack-test-1.1.0/lib/rack/mock_session.rb:29:in `request'\u001b[0m","     \u001b[36m# /home/ec2-user/.rvm/gems/ruby-2.6.3/gems/rack-test-1.1.0/lib/rack/test.rb:266:in `process_request'\u001b[0m","     \u001b[36m# /home/ec2-user/.rvm/gems/ruby-2.6.3/gems/rack-test-1.1.0/lib/rack/test.rb:129:in `custom_request'\u001b[0m","     \u001b[36m# /home/ec2-user/.rvm/gems/ruby-2.6.3/gems/rack-test-1.1.0/lib/rack/test.rb:58:in `get'\u001b[0m","     \u001b[36m# /home/ec2-user/.rvm/gems/ruby-2.6.3/gems/capybara-3.35.3/lib/capybara/rack_test/browser.rb:72:in `process'\u001b[0m","     \u001b[36m# /home/ec2-user/.rvm/gems/ruby-2.6.3/gems/capybara-3.35.3/lib/capybara/rack_test/browser.rb:47:in `process_and_follow_redirects'\u001b[0m","     \u001b[36m# /home/ec2-user/.rvm/gems/ruby-2.6.3/gems/capybara-3.35.3/lib/capybara/rack_test/browser.rb:42:in `follow'\u001b[0m","     \u001b[36m# /home/ec2-user/.rvm/gems/ruby-2.6.3/gems/capybara-3.35.3/lib/capybara/rack_test/node.rb:246:in `follow_link'\u001b[0m","     \u001b[36m# /home/ec2-user/.rvm/gems/ruby-2.6.3/gems/capybara-3.35.3/lib/capybara/rack_test/node.rb:72:in `click'\u001b[0m","     \u001b[36m# /home/ec2-user/.rvm/gems/ruby-2.6.3/gems/capybara-3.35.3/lib/capybara/rack_test/node.rb:137:in `block (2 levels) in <class:Node>'\u001b[0m","     \u001b[36m# /home/ec2-user/.rvm/gems/ruby-2.6.3/gems/capybara-3.35.3/lib/capybara/node/element.rb:172:in `block in click'\u001b[0m","     \u001b[36m# /home/ec2-user/.rvm/gems/ruby-2.6.3/gems/capybara-3.35.3/lib/capybara/node/element.rb:597:in `block in perform_click_action'\u001b[0m","     \u001b[36m# /home/ec2-user/.rvm/gems/ruby-2.6.3/gems/capybara-3.35.3/lib/capybara/node/base.rb:83:in `synchronize'\u001b[0m","     \u001b[36m# /home/ec2-user/.rvm/gems/ruby-2.6.3/gems/capybara-3.35.3/lib/capybara/node/element.rb:597:in `perform_click_action'\u001b[0m","     \u001b[36m# /home/ec2-user/.rvm/gems/ruby-2.6.3/gems/capybara-3.35.3/lib/capybara/node/element.rb:171:in `click'\u001b[0m","     \u001b[36m# /home/ec2-user/.rvm/gems/ruby-2.6.3/gems/capybara-3.35.3/lib/capybara/node/actions.rb:42:in `click_link'\u001b[0m","     \u001b[36m# /home/ec2-user/.rvm/gems/ruby-2.6.3/gems/capybara-3.35.3/lib/capybara/session.rb:768:in `block (2 levels) in <class:Session>'\u001b[0m","     \u001b[36m# /home/ec2-user/.rvm/gems/ruby-2.6.3/gems/capybara-3.35.3/lib/capybara/dsl.rb:58:in `block (2 levels) in <module:DSL>'\u001b[0m","     \u001b[36m# ./spec/system/02_after_login_spec.rb:35:in `block (4 levels) in <main>'\u001b[0m","","  5) [STEP2] ユーザログイン後のテスト 投稿一覧画面のテスト 表示内容の確認 URLが正しい","     \u001b[31mFailure/Error: @book = Book.find(params[:id])\u001b[0m","     \u001b[31m\u001b[0m","     \u001b[31mActiveRecord::RecordNotFound:\u001b[0m","     \u001b[31m  Couldn't find Book without an ID\u001b[0m","     \u001b[36m# ./app/controllers/books_controller.rb:8:in `index'\u001b[0m","     \u001b[36m# /home/ec2-user/.rvm/gems/ruby-2.6.3/gems/warden-1.2.9/lib/warden/manager.rb:36:in `block in call'\u001b[0m","     \u001b[36m# /home/ec2-user/.rvm/gems/ruby-2.6.3/gems/warden-1.2.9/lib/warden/manager.rb:34:in `catch'\u001b[0m","     \u001b[36m# /home/ec2-user/.rvm/gems/ruby-2.6.3/gems/warden-1.2.9/lib/warden/manager.rb:34:in `call'\u001b[0m","     \u001b[36m# /home/ec2-user/.rvm/gems/ruby-2.6.3/gems/rack-2.2.3/lib/rack/tempfile_reaper.rb:15:in `call'\u001b[0m","     \u001b[36m# /home/ec2-user/.rvm/gems/ruby-2.6.3/gems/rack-2.2.3/lib/rack/etag.rb:27:in `call'\u001b[0m","     \u001b[36m# /home/ec2-user/.rvm/gems/ruby-2.6.3/gems/rack-2.2.3/lib/rack/conditional_get.rb:27:in `call'\u001b[0m","     \u001b[36m# /home/ec2-user/.rvm/gems/ruby-2.6.3/gems/rack-2.2.3/lib/rack/head.rb:12:in `call'\u001b[0m","     \u001b[36m# /home/ec2-user/.rvm/gems/ruby-2.6.3/gems/rack-2.2.3/lib/rack/session/abstract/id.rb:266:in `context'\u001b[0m","     \u001b[36m# /home/ec2-user/.rvm/gems/ruby-2.6.3/gems/rack-2.2.3/lib/rack/session/abstract/id.rb:260:in `call'\u001b[0m","     \u001b[36m# /home/ec2-user/.rvm/gems/ruby-2.6.3/gems/railties-5.2.5/lib/rails/rack/logger.rb:38:in `call_app'\u001b[0m","     \u001b[36m# /home/ec2-user/.rvm/gems/ruby-2.6.3/gems/railties-5.2.5/lib/rails/rack/logger.rb:26:in `block in call'\u001b[0m","     \u001b[36m# /home/ec2-user/.rvm/gems/ruby-2.6.3/gems/railties-5.2.5/lib/rails/rack/logger.rb:26:in `call'\u001b[0m","     \u001b[36m# /home/ec2-user/.rvm/gems/ruby-2.6.3/gems/rack-2.2.3/lib/rack/method_override.rb:24:in `call'\u001b[0m","     \u001b[36m# /home/ec2-user/.rvm/gems/ruby-2.6.3/gems/rack-2.2.3/lib/rack/runtime.rb:22:in `call'\u001b[0m","     \u001b[36m# /home/ec2-user/.rvm/gems/ruby-2.6.3/gems/rack-2.2.3/lib/rack/sendfile.rb:110:in `call'\u001b[0m","     \u001b[36m# /home/ec2-user/.rvm/gems/ruby-2.6.3/gems/railties-5.2.5/lib/rails/engine.rb:524:in `call'\u001b[0m","     \u001b[36m# /home/ec2-user/.rvm/gems/ruby-2.6.3/gems/rack-2.2.3/lib/rack/urlmap.rb:74:in `block in call'\u001b[0m","     \u001b[36m# /home/ec2-user/.rvm/gems/ruby-2.6.3/gems/rack-2.2.3/lib/rack/urlmap.rb:58:in `each'\u001b[0m","     \u001b[36m# /home/ec2-user/.rvm/gems/ruby-2.6.3/gems/rack-2.2.3/lib/rack/urlmap.rb:58:in `call'\u001b[0m","     \u001b[36m# /home/ec2-user/.rvm/gems/ruby-2.6.3/gems/rack-2.2.3/lib/rack/builder.rb:244:in `call'\u001b[0m","     \u001b[36m# /home/ec2-user/.rvm/gems/ruby-2.6.3/gems/rack-test-1.1.0/lib/rack/mock_session.rb:29:in `request'\u001b[0m","     \u001b[36m# /home/ec2-user/.rvm/gems/ruby-2.6.3/gems/rack-test-1.1.0/lib/rack/test.rb:266:in `process_request'\u001b[0m","     \u001b[36m# /home/ec2-user/.rvm/gems/ruby-2.6.3/gems/rack-test-1.1.0/lib/rack/test.rb:129:in `custom_request'\u001b[0m","     \u001b[36m# /home/ec2-user/.rvm/gems/ruby-2.6.3/gems/rack-test-1.1.0/lib/rack/test.rb:58:in `get'\u001b[0m","     \u001b[36m# /home/ec2-user/.rvm/gems/ruby-2.6.3/gems/capybara-3.35.3/lib/capybara/rack_test/browser.rb:72:in `process'\u001b[0m","     \u001b[36m# /home/ec2-user/.rvm/gems/ruby-2.6.3/gems/capybara-3.35.3/lib/capybara/rack_test/browser.rb:47:in `process_and_follow_redirects'\u001b[0m","     \u001b[36m# /home/ec2-user/.rvm/gems/ruby-2.6.3/gems/capybara-3.35.3/lib/capybara/rack_test/browser.rb:24:in `visit'\u001b[0m","     \u001b[36m# /home/ec2-user/.rvm/gems/ruby-2.6.3/gems/capybara-3.35.3/lib/capybara/rack_test/driver.rb:46:in `visit'\u001b[0m","     \u001b[36m# /home/ec2-user/.rvm/gems/ruby-2.6.3/gems/capybara-3.35.3/lib/capybara/session.rb:278:in `visit'\u001b[0m","     \u001b[36m# /home/ec2-user/.rvm/gems/ruby-2.6.3/gems/capybara-3.35.3/lib/capybara/dsl.rb:58:in `block (2 levels) in <module:DSL>'\u001b[0m","     \u001b[36m# ./spec/system/02_after_login_spec.rb:43:in `block (3 levels) in <main>'\u001b[0m","","  6) [STEP2] ユーザログイン後のテスト 投稿一覧画面のテスト 表示内容の確認 自分と他人の画像のリンク先が正しい","     \u001b[31mFailure/Error: @book = Book.find(params[:id])\u001b[0m","     \u001b[31m\u001b[0m","     \u001b[31mActiveRecord::RecordNotFound:\u001b[0m","     \u001b[31m  Couldn't find Book without an ID\u001b[0m","     \u001b[36m# ./app/controllers/books_controller.rb:8:in `index'\u001b[0m","     \u001b[36m# /home/ec2-user/.rvm/gems/ruby-2.6.3/gems/warden-1.2.9/lib/warden/manager.rb:36:in `block in call'\u001b[0m","     \u001b[36m# /home/ec2-user/.rvm/gems/ruby-2.6.3/gems/warden-1.2.9/lib/warden/manager.rb:34:in `catch'\u001b[0m","     \u001b[36m# /home/ec2-user/.rvm/gems/ruby-2.6.3/gems/warden-1.2.9/lib/warden/manager.rb:34:in `call'\u001b[0m","     \u001b[36m# /home/ec2-user/.rvm/gems/ruby-2.6.3/gems/rack-2.2.3/lib/rack/tempfile_reaper.rb:15:in `call'\u001b[0m","     \u001b[36m# /home/ec2-user/.rvm/gems/ruby-2.6.3/gems/rack-2.2.3/lib/rack/etag.rb:27:in `call'\u001b[0m","     \u001b[36m# /home/ec2-user/.rvm/gems/ruby-2.6.3/gems/rack-2.2.3/lib/rack/conditional_get.rb:27:in `call'\u001b[0m","     \u001b[36m# /home/ec2-user/.rvm/gems/ruby-2.6.3/gems/rack-2.2.3/lib/rack/head.rb:12:in `call'\u001b[0m","     \u001b[36m# /home/ec2-user/.rvm/gems/ruby-2.6.3/gems/rack-2.2.3/lib/rack/session/abstract/id.rb:266:in `context'\u001b[0m","     \u001b[36m# /home/ec2-user/.rvm/gems/ruby-2.6.3/gems/rack-2.2.3/lib/rack/session/abstract/id.rb:260:in `call'\u001b[0m","     \u001b[36m# /home/ec2-user/.rvm/gems/ruby-2.6.3/gems/railties-5.2.5/lib/rails/rack/logger.rb:38:in `call_app'\u001b[0m","     \u001b[36m# /home/ec2-user/.rvm/gems/ruby-2.6.3/gems/railties-5.2.5/lib/rails/rack/logger.rb:26:in `block in call'\u001b[0m","     \u001b[36m# /home/ec2-user/.rvm/gems/ruby-2.6.3/gems/railties-5.2.5/lib/rails/rack/logger.rb:26:in `call'\u001b[0m","     \u001b[36m# /home/ec2-user/.rvm/gems/ruby-2.6.3/gems/rack-2.2.3/lib/rack/method_override.rb:24:in `call'\u001b[0m","     \u001b[36m# /home/ec2-user/.rvm/gems/ruby-2.6.3/gems/rack-2.2.3/lib/rack/runtime.rb:22:in `call'\u001b[0m","     \u001b[36m# /home/ec2-user/.rvm/gems/ruby-2.6.3/gems/rack-2.2.3/lib/rack/sendfile.rb:110:in `call'\u001b[0m","     \u001b[36m# /home/ec2-user/.rvm/gems/ruby-2.6.3/gems/railties-5.2.5/lib/rails/engine.rb:524:in `call'\u001b[0m","     \u001b[36m# /home/ec2-user/.rvm/gems/ruby-2.6.3/gems/rack-2.2.3/lib/rack/urlmap.rb:74:in `block in call'\u001b[0m","     \u001b[36m# /home/ec2-user/.rvm/gems/ruby-2.6.3/gems/rack-2.2.3/lib/rack/urlmap.rb:58:in `each'\u001b[0m","     \u001b[36m# /home/ec2-user/.rvm/gems/ruby-2.6.3/gems/rack-2.2.3/lib/rack/urlmap.rb:58:in `call'\u001b[0m","     \u001b[36m# /home/ec2-user/.rvm/gems/ruby-2.6.3/gems/rack-2.2.3/lib/rack/builder.rb:244:in `call'\u001b[0m","     \u001b[36m# /home/ec2-user/.rvm/gems/ruby-2.6.3/gems/rack-test-1.1.0/lib/rack/mock_session.rb:29:in `request'\u001b[0m","     \u001b[36m# /home/ec2-user/.rvm/gems/ruby-2.6.3/gems/rack-test-1.1.0/lib/rack/test.rb:266:in `process_request'\u001b[0m","     \u001b[36m# /home/ec2-user/.rvm/gems/ruby-2.6.3/gems/rack-test-1.1.0/lib/rack/test.rb:129:in `custom_request'\u001b[0m","     \u001b[36m# /home/ec2-user/.rvm/gems/ruby-2.6.3/gems/rack-test-1.1.0/lib/rack/test.rb:58:in `get'\u001b[0m","     \u001b[36m# /home/ec2-user/.rvm/gems/ruby-2.6.3/gems/capybara-3.35.3/lib/capybara/rack_test/browser.rb:72:in `process'\u001b[0m","     \u001b[36m# /home/ec2-user/.rvm/gems/ruby-2.6.3/gems/capybara-3.35.3/lib/capybara/rack_test/browser.rb:47:in `process_and_follow_redirects'\u001b[0m","     \u001b[36m# /home/ec2-user/.rvm/gems/ruby-2.6.3/gems/capybara-3.35.3/lib/capybara/rack_test/browser.rb:24:in `visit'\u001b[0m","     \u001b[36m# /home/ec2-user/.rvm/gems/ruby-2.6.3/gems/capybara-3.35.3/lib/capybara/rack_test/driver.rb:46:in `visit'\u001b[0m","     \u001b[36m# /home/ec2-user/.rvm/gems/ruby-2.6.3/gems/capybara-3.35.3/lib/capybara/session.rb:278:in `visit'\u001b[0m","     \u001b[36m# /home/ec2-user/.rvm/gems/ruby-2.6.3/gems/capybara-3.35.3/lib/capybara/dsl.rb:58:in `block (2 levels) in <module:DSL>'\u001b[0m","     \u001b[36m# ./spec/system/02_after_login_spec.rb:43:in `block (3 levels) in <main>'\u001b[0m","","  7) [STEP2] ユーザログイン後のテスト 投稿一覧画面のテスト 表示内容の確認 自分の投稿と他人の投稿のタイトルのリンク先がそれぞれ正しい","     \u001b[31mFailure/Error: @book = Book.find(params[:id])\u001b[0m","     \u001b[31m\u001b[0m","     \u001b[31mActiveRecord::RecordNotFound:\u001b[0m","     \u001b[31m  Couldn't find Book without an ID\u001b[0m","     \u001b[36m# ./app/controllers/books_controller.rb:8:in `index'\u001b[0m","     \u001b[36m# /home/ec2-user/.rvm/gems/ruby-2.6.3/gems/warden-1.2.9/lib/warden/manager.rb:36:in `block in call'\u001b[0m","     \u001b[36m# /home/ec2-user/.rvm/gems/ruby-2.6.3/gems/warden-1.2.9/lib/warden/manager.rb:34:in `catch'\u001b[0m","     \u001b[36m# /home/ec2-user/.rvm/gems/ruby-2.6.3/gems/warden-1.2.9/lib/warden/manager.rb:34:in `call'\u001b[0m","     \u001b[36m# /home/ec2-user/.rvm/gems/ruby-2.6.3/gems/rack-2.2.3/lib/rack/tempfile_reaper.rb:15:in `call'\u001b[0m","     \u001b[36m# /home/ec2-user/.rvm/gems/ruby-2.6.3/gems/rack-2.2.3/lib/rack/etag.rb:27:in `call'\u001b[0m","     \u001b[36m# /home/ec2-user/.rvm/gems/ruby-2.6.3/gems/rack-2.2.3/lib/rack/conditional_get.rb:27:in `call'\u001b[0m","     \u001b[36m# /home/ec2-user/.rvm/gems/ruby-2.6.3/gems/rack-2.2.3/lib/rack/head.rb:12:in `call'\u001b[0m","     \u001b[36m# /home/ec2-user/.rvm/gems/ruby-2.6.3/gems/rack-2.2.3/lib/rack/session/abstract/id.rb:266:in `context'\u001b[0m","     \u001b[36m# /home/ec2-user/.rvm/gems/ruby-2.6.3/gems/rack-2.2.3/lib/rack/session/abstract/id.rb:260:in `call'\u001b[0m","     \u001b[36m# /home/ec2-user/.rvm/gems/ruby-2.6.3/gems/railties-5.2.5/lib/rails/rack/logger.rb:38:in `call_app'\u001b[0m","     \u001b[36m# /home/ec2-user/.rvm/gems/ruby-2.6.3/gems/railties-5.2.5/lib/rails/rack/logger.rb:26:in `block in call'\u001b[0m","     \u001b[36m# /home/ec2-user/.rvm/gems/ruby-2.6.3/gems/railties-5.2.5/lib/rails/rack/logger.rb:26:in `call'\u001b[0m","     \u001b[36m# /home/ec2-user/.rvm/gems/ruby-2.6.3/gems/rack-2.2.3/lib/rack/method_override.rb:24:in `call'\u001b[0m","     \u001b[36m# /home/ec2-user/.rvm/gems/ruby-2.6.3/gems/rack-2.2.3/lib/rack/runtime.rb:22:in `call'\u001b[0m","     \u001b[36m# /home/ec2-user/.rvm/gems/ruby-2.6.3/gems/rack-2.2.3/lib/rack/sendfile.rb:110:in `call'\u001b[0m","     \u001b[36m# /home/ec2-user/.rvm/gems/ruby-2.6.3/gems/railties-5.2.5/lib/rails/engine.rb:524:in `call'\u001b[0m","     \u001b[36m# /home/ec2-user/.rvm/gems/ruby-2.6.3/gems/rack-2.2.3/lib/rack/urlmap.rb:74:in `block in call'\u001b[0m","     \u001b[36m# /home/ec2-user/.rvm/gems/ruby-2.6.3/gems/rack-2.2.3/lib/rack/urlmap.rb:58:in `each'\u001b[0m","     \u001b[36m# /home/ec2-user/.rvm/gems/ruby-2.6.3/gems/rack-2.2.3/lib/rack/urlmap.rb:58:in `call'\u001b[0m","     \u001b[36m# /home/ec2-user/.rvm/gems/ruby-2.6.3/gems/rack-2.2.3/lib/rack/builder.rb:244:in `call'\u001b[0m","     \u001b[36m# /home/ec2-user/.rvm/gems/ruby-2.6.3/gems/rack-test-1.1.0/lib/rack/mock_session.rb:29:in `request'\u001b[0m","     \u001b[36m# /home/ec2-user/.rvm/gems/ruby-2.6.3/gems/rack-test-1.1.0/lib/rack/test.rb:266:in `process_request'\u001b[0m","     \u001b[36m# /home/ec2-user/.rvm/gems/ruby-2.6.3/gems/rack-test-1.1.0/lib/rack/test.rb:129:in `custom_request'\u001b[0m","     \u001b[36m# /home/ec2-user/.rvm/gems/ruby-2.6.3/gems/rack-test-1.1.0/lib/rack/test.rb:58:in `get'\u001b[0m","     \u001b[36m# /home/ec2-user/.rvm/gems/ruby-2.6.3/gems/capybara-3.35.3/lib/capybara/rack_test/browser.rb:72:in `process'\u001b[0m","     \u001b[36m# /home/ec2-user/.rvm/gems/ruby-2.6.3/gems/capybara-3.35.3/lib/capybara/rack_test/browser.rb:47:in `process_and_follow_redirects'\u001b[0m","     \u001b[36m# /home/ec2-user/.rvm/gems/ruby-2.6.3/gems/capybara-3.35.3/lib/capybara/rack_test/browser.rb:24:in `visit'\u001b[0m","     \u001b[36m# /home/ec2-user/.rvm/gems/ruby-2.6.3/gems/capybara-3.35.3/lib/capybara/rack_test/driver.rb:46:in `visit'\u001b[0m","     \u001b[36m# /home/ec2-user/.rvm/gems/ruby-2.6.3/gems/capybara-3.35.3/lib/capybara/session.rb:278:in `visit'\u001b[0m","     \u001b[36m# /home/ec2-user/.rvm/gems/ruby-2.6.3/gems/capybara-3.35.3/lib/capybara/dsl.rb:58:in `block (2 levels) in <module:DSL>'\u001b[0m","     \u001b[36m# ./spec/system/02_after_login_spec.rb:43:in `block (3 levels) in <main>'\u001b[0m","","  8) [STEP2] ユーザログイン後のテスト 投稿一覧画面のテスト 表示内容の確認 自分の投稿と他人の投稿のオピニオンが表示される","     \u001b[31mFailure/Error: @book = Book.find(params[:id])\u001b[0m","     \u001b[31m\u001b[0m","     \u001b[31mActiveRecord::RecordNotFound:\u001b[0m","     \u001b[31m  Couldn't find Book without an ID\u001b[0m","     \u001b[36m# ./app/controllers/books_controller.rb:8:in `index'\u001b[0m","     \u001b[36m# /home/ec2-user/.rvm/gems/ruby-2.6.3/gems/warden-1.2.9/lib/warden/manager.rb:36:in `block in call'\u001b[0m","     \u001b[36m# /home/ec2-user/.rvm/gems/ruby-2.6.3/gems/warden-1.2.9/lib/warden/manager.rb:34:in `catch'\u001b[0m","     \u001b[36m# /home/ec2-user/.rvm/gems/ruby-2.6.3/gems/warden-1.2.9/lib/warden/manager.rb:34:in `call'\u001b[0m","     \u001b[36m# /home/ec2-user/.rvm/gems/ruby-2.6.3/gems/rack-2.2.3/lib/rack/tempfile_reaper.rb:15:in `call'\u001b[0m","     \u001b[36m# /home/ec2-user/.rvm/gems/ruby-2.6.3/gems/rack-2.2.3/lib/rack/etag.rb:27:in `call'\u001b[0m","     \u001b[36m# /home/ec2-user/.rvm/gems/ruby-2.6.3/gems/rack-2.2.3/lib/rack/conditional_get.rb:27:in `call'\u001b[0m","     \u001b[36m# /home/ec2-user/.rvm/gems/ruby-2.6.3/gems/rack-2.2.3/lib/rack/head.rb:12:in `call'\u001b[0m","     \u001b[36m# /home/ec2-user/.rvm/gems/ruby-2.6.3/gems/rack-2.2.3/lib/rack/session/abstract/id.rb:266:in `context'\u001b[0m","     \u001b[36m# /home/ec2-user/.rvm/gems/ruby-2.6.3/gems/rack-2.2.3/lib/rack/session/abstract/id.rb:260:in `call'\u001b[0m","     \u001b[36m# /home/ec2-user/.rvm/gems/ruby-2.6.3/gems/railties-5.2.5/lib/rails/rack/logger.rb:38:in `call_app'\u001b[0m","     \u001b[36m# /home/ec2-user/.rvm/gems/ruby-2.6.3/gems/railties-5.2.5/lib/rails/rack/logger.rb:26:in `block in call'\u001b[0m","     \u001b[36m# /home/ec2-user/.rvm/gems/ruby-2.6.3/gems/railties-5.2.5/lib/rails/rack/logger.rb:26:in `call'\u001b[0m","     \u001b[36m# /home/ec2-user/.rvm/gems/ruby-2.6.3/gems/rack-2.2.3/lib/rack/method_override.rb:24:in `call'\u001b[0m","     \u001b[36m# /home/ec2-user/.rvm/gems/ruby-2.6.3/gems/rack-2.2.3/lib/rack/runtime.rb:22:in `call'\u001b[0m","     \u001b[36m# /home/ec2-user/.rvm/gems/ruby-2.6.3/gems/rack-2.2.3/lib/rack/sendfile.rb:110:in `call'\u001b[0m","     \u001b[36m# /home/ec2-user/.rvm/gems/ruby-2.6.3/gems/railties-5.2.5/lib/rails/engine.rb:524:in `call'\u001b[0m","     \u001b[36m# /home/ec2-user/.rvm/gems/ruby-2.6.3/gems/rack-2.2.3/lib/rack/urlmap.rb:74:in `block in call'\u001b[0m","     \u001b[36m# /home/ec2-user/.rvm/gems/ruby-2.6.3/gems/rack-2.2.3/lib/rack/urlmap.rb:58:in `each'\u001b[0m","     \u001b[36m# /home/ec2-user/.rvm/gems/ruby-2.6.3/gems/rack-2.2.3/lib/rack/urlmap.rb:58:in `call'\u001b[0m","     \u001b[36m# /home/ec2-user/.rvm/gems/ruby-2.6.3/gems/rack-2.2.3/lib/rack/builder.rb:244:in `call'\u001b[0m","     \u001b[36m# /home/ec2-user/.rvm/gems/ruby-2.6.3/gems/rack-test-1.1.0/lib/rack/mock_session.rb:29:in `request'\u001b[0m","     \u001b[36m# /home/ec2-user/.rvm/gems/ruby-2.6.3/gems/rack-test-1.1.0/lib/rack/test.rb:266:in `process_request'\u001b[0m","     \u001b[36m# /home/ec2-user/.rvm/gems/ruby-2.6.3/gems/rack-test-1.1.0/lib/rack/test.rb:129:in `custom_request'\u001b[0m","     \u001b[36m# /home/ec2-user/.rvm/gems/ruby-2.6.3/gems/rack-test-1.1.0/lib/rack/test.rb:58:in `get'\u001b[0m","     \u001b[36m# /home/ec2-user/.rvm/gems/ruby-2.6.3/gems/capybara-3.35.3/lib/capybara/rack_test/browser.rb:72:in `process'\u001b[0m","     \u001b[36m# /home/ec2-user/.rvm/gems/ruby-2.6.3/gems/capybara-3.35.3/lib/capybara/rack_test/browser.rb:47:in `process_and_follow_redirects'\u001b[0m","     \u001b[36m# /home/ec2-user/.rvm/gems/ruby-2.6.3/gems/capybara-3.35.3/lib/capybara/rack_test/browser.rb:24:in `visit'\u001b[0m","     \u001b[36m# /home/ec2-user/.rvm/gems/ruby-2.6.3/gems/capybara-3.35.3/lib/capybara/rack_test/driver.rb:46:in `visit'\u001b[0m","     \u001b[36m# /home/ec2-user/.rvm/gems/ruby-2.6.3/gems/capybara-3.35.3/lib/capybara/session.rb:278:in `visit'\u001b[0m","     \u001b[36m# /home/ec2-user/.rvm/gems/ruby-2.6.3/gems/capybara-3.35.3/lib/capybara/dsl.rb:58:in `block (2 levels) in <module:DSL>'\u001b[0m","     \u001b[36m# ./spec/system/02_after_login_spec.rb:43:in `block (3 levels) in <main>'\u001b[0m","","  9) [STEP2] ユーザログイン後のテスト 投稿一覧画面のテスト サイドバーの確認 自分の名前と紹介文が表示される","     \u001b[31mFailure/Error: @book = Book.find(params[:id])\u001b[0m","     \u001b[31m\u001b[0m","     \u001b[31mActiveRecord::RecordNotFound:\u001b[0m","     \u001b[31m  Couldn't find Book without an ID\u001b[0m","     \u001b[36m# ./app/controllers/books_controller.rb:8:in `index'\u001b[0m","     \u001b[36m# /home/ec2-user/.rvm/gems/ruby-2.6.3/gems/warden-1.2.9/lib/warden/manager.rb:36:in `block in call'\u001b[0m","     \u001b[36m# /home/ec2-user/.rvm/gems/ruby-2.6.3/gems/warden-1.2.9/lib/warden/manager.rb:34:in `catch'\u001b[0m","     \u001b[36m# /home/ec2-user/.rvm/gems/ruby-2.6.3/gems/warden-1.2.9/lib/warden/manager.rb:34:in `call'\u001b[0m","     \u001b[36m# /home/ec2-user/.rvm/gems/ruby-2.6.3/gems/rack-2.2.3/lib/rack/tempfile_reaper.rb:15:in `call'\u001b[0m","     \u001b[36m# /home/ec2-user/.rvm/gems/ruby-2.6.3/gems/rack-2.2.3/lib/rack/etag.rb:27:in `call'\u001b[0m","     \u001b[36m# /home/ec2-user/.rvm/gems/ruby-2.6.3/gems/rack-2.2.3/lib/rack/conditional_get.rb:27:in `call'\u001b[0m","     \u001b[36m# /home/ec2-user/.rvm/gems/ruby-2.6.3/gems/rack-2.2.3/lib/rack/head.rb:12:in `call'\u001b[0m","     \u001b[36m# /home/ec2-user/.rvm/gems/ruby-2.6.3/gems/rack-2.2.3/lib/rack/session/abstract/id.rb:266:in `context'\u001b[0m","     \u001b[36m# /home/ec2-user/.rvm/gems/ruby-2.6.3/gems/rack-2.2.3/lib/rack/session/abstract/id.rb:260:in `call'\u001b[0m","     \u001b[36m# /home/ec2-user/.rvm/gems/ruby-2.6.3/gems/railties-5.2.5/lib/rails/rack/logger.rb:38:in `call_app'\u001b[0m","     \u001b[36m# /home/ec2-user/.rvm/gems/ruby-2.6.3/gems/railties-5.2.5/lib/rails/rack/logger.rb:26:in `block in call'\u001b[0m","     \u001b[36m# /home/ec2-user/.rvm/gems/ruby-2.6.3/gems/railties-5.2.5/lib/rails/rack/logger.rb:26:in `call'\u001b[0m","     \u001b[36m# /home/ec2-user/.rvm/gems/ruby-2.6.3/gems/rack-2.2.3/lib/rack/method_override.rb:24:in `call'\u001b[0m","     \u001b[36m# /home/ec2-user/.rvm/gems/ruby-2.6.3/gems/rack-2.2.3/lib/rack/runtime.rb:22:in `call'\u001b[0m","     \u001b[36m# /home/ec2-user/.rvm/gems/ruby-2.6.3/gems/rack-2.2.3/lib/rack/sendfile.rb:110:in `call'\u001b[0m","     \u001b[36m# /home/ec2-user/.rvm/gems/ruby-2.6.3/gems/railties-5.2.5/lib/rails/engine.rb:524:in `call'\u001b[0m","     \u001b[36m# /home/ec2-user/.rvm/gems/ruby-2.6.3/gems/rack-2.2.3/lib/rack/urlmap.rb:74:in `block in call'\u001b[0m","     \u001b[36m# /home/ec2-user/.rvm/gems/ruby-2.6.3/gems/rack-2.2.3/lib/rack/urlmap.rb:58:in `each'\u001b[0m","     \u001b[36m# /home/ec2-user/.rvm/gems/ruby-2.6.3/gems/rack-2.2.3/lib/rack/urlmap.rb:58:in `call'\u001b[0m","     \u001b[36m# /home/ec2-user/.rvm/gems/ruby-2.6.3/gems/rack-2.2.3/lib/rack/builder.rb:244:in `call'\u001b[0m","     \u001b[36m# /home/ec2-user/.rvm/gems/ruby-2.6.3/gems/rack-test-1.1.0/lib/rack/mock_session.rb:29:in `request'\u001b[0m","     \u001b[36m# /home/ec2-user/.rvm/gems/ruby-2.6.3/gems/rack-test-1.1.0/lib/rack/test.rb:266:in `process_request'\u001b[0m","     \u001b[36m# /home/ec2-user/.rvm/gems/ruby-2.6.3/gems/rack-test-1.1.0/lib/rack/test.rb:129:in `custom_request'\u001b[0m","     \u001b[36m# /home/ec2-user/.rvm/gems/ruby-2.6.3/gems/rack-test-1.1.0/lib/rack/test.rb:58:in `get'\u001b[0m","     \u001b[36m# /home/ec2-user/.rvm/gems/ruby-2.6.3/gems/capybara-3.35.3/lib/capybara/rack_test/browser.rb:72:in `process'\u001b[0m","     \u001b[36m# /home/ec2-user/.rvm/gems/ruby-2.6.3/gems/capybara-3.35.3/lib/capybara/rack_test/browser.rb:47:in `process_and_follow_redirects'\u001b[0m","     \u001b[36m# /home/ec2-user/.rvm/gems/ruby-2.6.3/gems/capybara-3.35.3/lib/capybara/rack_test/browser.rb:24:in `visit'\u001b[0m","     \u001b[36m# /home/ec2-user/.rvm/gems/ruby-2.6.3/gems/capybara-3.35.3/lib/capybara/rack_test/driver.rb:46:in `visit'\u001b[0m","     \u001b[36m# /home/ec2-user/.rvm/gems/ruby-2.6.3/gems/capybara-3.35.3/lib/capybara/session.rb:278:in `visit'\u001b[0m","     \u001b[36m# /home/ec2-user/.rvm/gems/ruby-2.6.3/gems/capybara-3.35.3/lib/capybara/dsl.rb:58:in `block (2 levels) in <module:DSL>'\u001b[0m","     \u001b[36m# ./spec/system/02_after_login_spec.rb:43:in `block (3 levels) in <main>'\u001b[0m","","  10) [STEP2] ユーザログイン後のテスト 投稿一覧画面のテスト サイドバーの確認 自分のユーザ編集画面へのリンクが存在する","      \u001b[31mFailure/Error: @book = Book.find(params[:id])\u001b[0m","      \u001b[31m\u001b[0m","      \u001b[31mActiveRecord::RecordNotFound:\u001b[0m","      \u001b[31m  Couldn't find Book without an ID\u001b[0m","      \u001b[36m# ./app/controllers/books_controller.rb:8:in `index'\u001b[0m","      \u001b[36m# /home/ec2-user/.rvm/gems/ruby-2.6.3/gems/warden-1.2.9/lib/warden/manager.rb:36:in `block in call'\u001b[0m","      \u001b[36m# /home/ec2-user/.rvm/gems/ruby-2.6.3/gems/warden-1.2.9/lib/warden/manager.rb:34:in `catch'\u001b[0m","      \u001b[36m# /home/ec2-user/.rvm/gems/ruby-2.6.3/gems/warden-1.2.9/lib/warden/manager.rb:34:in `call'\u001b[0m","      \u001b[36m# /home/ec2-user/.rvm/gems/ruby-2.6.3/gems/rack-2.2.3/lib/rack/tempfile_reaper.rb:15:in `call'\u001b[0m","      \u001b[36m# /home/ec2-user/.rvm/gems/ruby-2.6.3/gems/rack-2.2.3/lib/rack/etag.rb:27:in `call'\u001b[0m","      \u001b[36m# /home/ec2-user/.rvm/gems/ruby-2.6.3/gems/rack-2.2.3/lib/rack/conditional_get.rb:27:in `call'\u001b[0m","      \u001b[36m# /home/ec2-user/.rvm/gems/ruby-2.6.3/gems/rack-2.2.3/lib/rack/head.rb:12:in `call'\u001b[0m","      \u001b[36m# /home/ec2-user/.rvm/gems/ruby-2.6.3/gems/rack-2.2.3/lib/rack/session/abstract/id.rb:266:in `context'\u001b[0m","      \u001b[36m# /home/ec2-user/.rvm/gems/ruby-2.6.3/gems/rack-2.2.3/lib/rack/session/abstract/id.rb:260:in `call'\u001b[0m","      \u001b[36m# /home/ec2-user/.rvm/gems/ruby-2.6.3/gems/railties-5.2.5/lib/rails/rack/logger.rb:38:in `call_app'\u001b[0m","      \u001b[36m# /home/ec2-user/.rvm/gems/ruby-2.6.3/gems/railties-5.2.5/lib/rails/rack/logger.rb:26:in `block in call'\u001b[0m","      \u001b[36m# /home/ec2-user/.rvm/gems/ruby-2.6.3/gems/railties-5.2.5/lib/rails/rack/logger.rb:26:in `call'\u001b[0m","      \u001b[36m# /home/ec2-user/.rvm/gems/ruby-2.6.3/gems/rack-2.2.3/lib/rack/method_override.rb:24:in `call'\u001b[0m","      \u001b[36m# /home/ec2-user/.rvm/gems/ruby-2.6.3/gems/rack-2.2.3/lib/rack/runtime.rb:22:in `call'\u001b[0m","      \u001b[36m# /home/ec2-user/.rvm/gems/ruby-2.6.3/gems/rack-2.2.3/lib/rack/sendfile.rb:110:in `call'\u001b[0m","      \u001b[36m# /home/ec2-user/.rvm/gems/ruby-2.6.3/gems/railties-5.2.5/lib/rails/engine.rb:524:in `call'\u001b[0m","      \u001b[36m# /home/ec2-user/.rvm/gems/ruby-2.6.3/gems/rack-2.2.3/lib/rack/urlmap.rb:74:in `block in call'\u001b[0m","      \u001b[36m# /home/ec2-user/.rvm/gems/ruby-2.6.3/gems/rack-2.2.3/lib/rack/urlmap.rb:58:in `each'\u001b[0m","      \u001b[36m# /home/ec2-user/.rvm/gems/ruby-2.6.3/gems/rack-2.2.3/lib/rack/urlmap.rb:58:in `call'\u001b[0m","      \u001b[36m# /home/ec2-user/.rvm/gems/ruby-2.6.3/gems/rack-2.2.3/lib/rack/builder.rb:244:in `call'\u001b[0m","      \u001b[36m# /home/ec2-user/.rvm/gems/ruby-2.6.3/gems/rack-test-1.1.0/lib/rack/mock_session.rb:29:in `request'\u001b[0m","      \u001b[36m# /home/ec2-user/.rvm/gems/ruby-2.6.3/gems/rack-test-1.1.0/lib/rack/test.rb:266:in `process_request'\u001b[0m","      \u001b[36m# /home/ec2-user/.rvm/gems/ruby-2.6.3/gems/rack-test-1.1.0/lib/rack/test.rb:129:in `custom_request'\u001b[0m","      \u001b[36m# /home/ec2-user/.rvm/gems/ruby-2.6.3/gems/rack-test-1.1.0/lib/rack/test.rb:58:in `get'\u001b[0m","      \u001b[36m# /home/ec2-user/.rvm/gems/ruby-2.6.3/gems/capybara-3.35.3/lib/capybara/rack_test/browser.rb:72:in `process'\u001b[0m","      \u001b[36m# /home/ec2-user/.rvm/gems/ruby-2.6.3/gems/capybara-3.35.3/lib/capybara/rack_test/browser.rb:47:in `process_and_follow_redirects'\u001b[0m","      \u001b[36m# /home/ec2-user/.rvm/gems/ruby-2.6.3/gems/capybara-3.35.3/lib/capybara/rack_test/browser.rb:24:in `visit'\u001b[0m","      \u001b[36m# /home/ec2-user/.rvm/gems/ruby-2.6.3/gems/capybara-3.35.3/lib/capybara/rack_test/driver.rb:46:in `visit'\u001b[0m","      \u001b[36m# /home/ec2-user/.rvm/gems/ruby-2.6.3/gems/capybara-3.35.3/lib/capybara/session.rb:278:in `visit'\u001b[0m","      \u001b[36m# /home/ec2-user/.rvm/gems/ruby-2.6.3/gems/capybara-3.35.3/lib/capybara/dsl.rb:58:in `block (2 levels) in <module:DSL>'\u001b[0m","      \u001b[36m# ./spec/system/02_after_login_spec.rb:43:in `block (3 levels) in <main>'\u001b[0m","","  11) [STEP2] ユーザログイン後のテスト 投稿一覧画面のテスト サイドバーの確認 「New book」と表示される","      \u001b[31mFailure/Error: @book = Book.find(params[:id])\u001b[0m","      \u001b[31m\u001b[0m","      \u001b[31mActiveRecord::RecordNotFound:\u001b[0m","      \u001b[31m  Couldn't find Book without an ID\u001b[0m","      \u001b[36m# ./app/controllers/books_controller.rb:8:in `index'\u001b[0m","      \u001b[36m# /home/ec2-user/.rvm/gems/ruby-2.6.3/gems/warden-1.2.9/lib/warden/manager.rb:36:in `block in call'\u001b[0m","      \u001b[36m# /home/ec2-user/.rvm/gems/ruby-2.6.3/gems/warden-1.2.9/lib/warden/manager.rb:34:in `catch'\u001b[0m","      \u001b[36m# /home/ec2-user/.rvm/gems/ruby-2.6.3/gems/warden-1.2.9/lib/warden/manager.rb:34:in `call'\u001b[0m","      \u001b[36m# /home/ec2-user/.rvm/gems/ruby-2.6.3/gems/rack-2.2.3/lib/rack/tempfile_reaper.rb:15:in `call'\u001b[0m","      \u001b[36m# /home/ec2-user/.rvm/gems/ruby-2.6.3/gems/rack-2.2.3/lib/rack/etag.rb:27:in `call'\u001b[0m","      \u001b[36m# /home/ec2-user/.rvm/gems/ruby-2.6.3/gems/rack-2.2.3/lib/rack/conditional_get.rb:27:in `call'\u001b[0m","      \u001b[36m# /home/ec2-user/.rvm/gems/ruby-2.6.3/gems/rack-2.2.3/lib/rack/head.rb:12:in `call'\u001b[0m","      \u001b[36m# /home/ec2-user/.rvm/gems/ruby-2.6.3/gems/rack-2.2.3/lib/rack/session/abstract/id.rb:266:in `context'\u001b[0m","      \u001b[36m# /home/ec2-user/.rvm/gems/ruby-2.6.3/gems/rack-2.2.3/lib/rack/session/abstract/id.rb:260:in `call'\u001b[0m","      \u001b[36m# /home/ec2-user/.rvm/gems/ruby-2.6.3/gems/railties-5.2.5/lib/rails/rack/logger.rb:38:in `call_app'\u001b[0m","      \u001b[36m# /home/ec2-user/.rvm/gems/ruby-2.6.3/gems/railties-5.2.5/lib/rails/rack/logger.rb:26:in `block in call'\u001b[0m","      \u001b[36m# /home/ec2-user/.rvm/gems/ruby-2.6.3/gems/railties-5.2.5/lib/rails/rack/logger.rb:26:in `call'\u001b[0m","      \u001b[36m# /home/ec2-user/.rvm/gems/ruby-2.6.3/gems/rack-2.2.3/lib/rack/method_override.rb:24:in `call'\u001b[0m","      \u001b[36m# /home/ec2-user/.rvm/gems/ruby-2.6.3/gems/rack-2.2.3/lib/rack/runtime.rb:22:in `call'\u001b[0m","      \u001b[36m# /home/ec2-user/.rvm/gems/ruby-2.6.3/gems/rack-2.2.3/lib/rack/sendfile.rb:110:in `call'\u001b[0m","      \u001b[36m# /home/ec2-user/.rvm/gems/ruby-2.6.3/gems/railties-5.2.5/lib/rails/engine.rb:524:in `call'\u001b[0m","      \u001b[36m# /home/ec2-user/.rvm/gems/ruby-2.6.3/gems/rack-2.2.3/lib/rack/urlmap.rb:74:in `block in call'\u001b[0m","      \u001b[36m# /home/ec2-user/.rvm/gems/ruby-2.6.3/gems/rack-2.2.3/lib/rack/urlmap.rb:58:in `each'\u001b[0m","      \u001b[36m# /home/ec2-user/.rvm/gems/ruby-2.6.3/gems/rack-2.2.3/lib/rack/urlmap.rb:58:in `call'\u001b[0m","      \u001b[36m# /home/ec2-user/.rvm/gems/ruby-2.6.3/gems/rack-2.2.3/lib/rack/builder.rb:244:in `call'\u001b[0m","      \u001b[36m# /home/ec2-user/.rvm/gems/ruby-2.6.3/gems/rack-test-1.1.0/lib/rack/mock_session.rb:29:in `request'\u001b[0m","      \u001b[36m# /home/ec2-user/.rvm/gems/ruby-2.6.3/gems/rack-test-1.1.0/lib/rack/test.rb:266:in `process_request'\u001b[0m","      \u001b[36m# /home/ec2-user/.rvm/gems/ruby-2.6.3/gems/rack-test-1.1.0/lib/rack/test.rb:129:in `custom_request'\u001b[0m","      \u001b[36m# /home/ec2-user/.rvm/gems/ruby-2.6.3/gems/rack-test-1.1.0/lib/rack/test.rb:58:in `get'\u001b[0m","      \u001b[36m# /home/ec2-user/.rvm/gems/ruby-2.6.3/gems/capybara-3.35.3/lib/capybara/rack_test/browser.rb:72:in `process'\u001b[0m","      \u001b[36m# /home/ec2-user/.rvm/gems/ruby-2.6.3/gems/capybara-3.35.3/lib/capybara/rack_test/browser.rb:47:in `process_and_follow_redirects'\u001b[0m","      \u001b[36m# /home/ec2-user/.rvm/gems/ruby-2.6.3/gems/capybara-3.35.3/lib/capybara/rack_test/browser.rb:24:in `visit'\u001b[0m","      \u001b[36m# /home/ec2-user/.rvm/gems/ruby-2.6.3/gems/capybara-3.35.3/lib/capybara/rack_test/driver.rb:46:in `visit'\u001b[0m","      \u001b[36m# /home/ec2-user/.rvm/gems/ruby-2.6.3/gems/capybara-3.35.3/lib/capybara/session.rb:278:in `visit'\u001b[0m","      \u001b[36m# /home/ec2-user/.rvm/gems/ruby-2.6.3/gems/capybara-3.35.3/lib/capybara/dsl.rb:58:in `block (2 levels) in <module:DSL>'\u001b[0m","      \u001b[36m# ./spec/system/02_after_login_spec.rb:43:in `block (3 levels) in <main>'\u001b[0m","","  12) [STEP2] ユーザログイン後のテスト 投稿一覧画面のテスト サイドバーの確認 titleフォームが表示される","      \u001b[31mFailure/Error: @book = Book.find(params[:id])\u001b[0m","      \u001b[31m\u001b[0m","      \u001b[31mActiveRecord::RecordNotFound:\u001b[0m","      \u001b[31m  Couldn't find Book without an ID\u001b[0m","      \u001b[36m# ./app/controllers/books_controller.rb:8:in `index'\u001b[0m","      \u001b[36m# /home/ec2-user/.rvm/gems/ruby-2.6.3/gems/warden-1.2.9/lib/warden/manager.rb:36:in `block in call'\u001b[0m","      \u001b[36m# /home/ec2-user/.rvm/gems/ruby-2.6.3/gems/warden-1.2.9/lib/warden/manager.rb:34:in `catch'\u001b[0m","      \u001b[36m# /home/ec2-user/.rvm/gems/ruby-2.6.3/gems/warden-1.2.9/lib/warden/manager.rb:34:in `call'\u001b[0m","      \u001b[36m# /home/ec2-user/.rvm/gems/ruby-2.6.3/gems/rack-2.2.3/lib/rack/tempfile_reaper.rb:15:in `call'\u001b[0m","      \u001b[36m# /home/ec2-user/.rvm/gems/ruby-2.6.3/gems/rack-2.2.3/lib/rack/etag.rb:27:in `call'\u001b[0m","      \u001b[36m# /home/ec2-user/.rvm/gems/ruby-2.6.3/gems/rack-2.2.3/lib/rack/conditional_get.rb:27:in `call'\u001b[0m","      \u001b[36m# /home/ec2-user/.rvm/gems/ruby-2.6.3/gems/rack-2.2.3/lib/rack/head.rb:12:in `call'\u001b[0m","      \u001b[36m# /home/ec2-user/.rvm/gems/ruby-2.6.3/gems/rack-2.2.3/lib/rack/session/abstract/id.rb:266:in `context'\u001b[0m","      \u001b[36m# /home/ec2-user/.rvm/gems/ruby-2.6.3/gems/rack-2.2.3/lib/rack/session/abstract/id.rb:260:in `call'\u001b[0m","      \u001b[36m# /home/ec2-user/.rvm/gems/ruby-2.6.3/gems/railties-5.2.5/lib/rails/rack/logger.rb:38:in `call_app'\u001b[0m","      \u001b[36m# /home/ec2-user/.rvm/gems/ruby-2.6.3/gems/railties-5.2.5/lib/rails/rack/logger.rb:26:in `block in call'\u001b[0m","      \u001b[36m# /home/ec2-user/.rvm/gems/ruby-2.6.3/gems/railties-5.2.5/lib/rails/rack/logger.rb:26:in `call'\u001b[0m","      \u001b[36m# /home/ec2-user/.rvm/gems/ruby-2.6.3/gems/rack-2.2.3/lib/rack/method_override.rb:24:in `call'\u001b[0m","      \u001b[36m# /home/ec2-user/.rvm/gems/ruby-2.6.3/gems/rack-2.2.3/lib/rack/runtime.rb:22:in `call'\u001b[0m","      \u001b[36m# /home/ec2-user/.rvm/gems/ruby-2.6.3/gems/rack-2.2.3/lib/rack/sendfile.rb:110:in `call'\u001b[0m","      \u001b[36m# /home/ec2-user/.rvm/gems/ruby-2.6.3/gems/railties-5.2.5/lib/rails/engine.rb:524:in `call'\u001b[0m","      \u001b[36m# /home/ec2-user/.rvm/gems/ruby-2.6.3/gems/rack-2.2.3/lib/rack/urlmap.rb:74:in `block in call'\u001b[0m","      \u001b[36m# /home/ec2-user/.rvm/gems/ruby-2.6.3/gems/rack-2.2.3/lib/rack/urlmap.rb:58:in `each'\u001b[0m","      \u001b[36m# /home/ec2-user/.rvm/gems/ruby-2.6.3/gems/rack-2.2.3/lib/rack/urlmap.rb:58:in `call'\u001b[0m","      \u001b[36m# /home/ec2-user/.rvm/gems/ruby-2.6.3/gems/rack-2.2.3/lib/rack/builder.rb:244:in `call'\u001b[0m","      \u001b[36m# /home/ec2-user/.rvm/gems/ruby-2.6.3/gems/rack-test-1.1.0/lib/rack/mock_session.rb:29:in `request'\u001b[0m","      \u001b[36m# /home/ec2-user/.rvm/gems/ruby-2.6.3/gems/rack-test-1.1.0/lib/rack/test.rb:266:in `process_request'\u001b[0m","      \u001b[36m# /home/ec2-user/.rvm/gems/ruby-2.6.3/gems/rack-test-1.1.0/lib/rack/test.rb:129:in `custom_request'\u001b[0m","      \u001b[36m# /home/ec2-user/.rvm/gems/ruby-2.6.3/gems/rack-test-1.1.0/lib/rack/test.rb:58:in `get'\u001b[0m","      \u001b[36m# /home/ec2-user/.rvm/gems/ruby-2.6.3/gems/capybara-3.35.3/lib/capybara/rack_test/browser.rb:72:in `process'\u001b[0m","      \u001b[36m# /home/ec2-user/.rvm/gems/ruby-2.6.3/gems/capybara-3.35.3/lib/capybara/rack_test/browser.rb:47:in `process_and_follow_redirects'\u001b[0m","      \u001b[36m# /home/ec2-user/.rvm/gems/ruby-2.6.3/gems/capybara-3.35.3/lib/capybara/rack_test/browser.rb:24:in `visit'\u001b[0m","      \u001b[36m# /home/ec2-user/.rvm/gems/ruby-2.6.3/gems/capybara-3.35.3/lib/capybara/rack_test/driver.rb:46:in `visit'\u001b[0m","      \u001b[36m# /home/ec2-user/.rvm/gems/ruby-2.6.3/gems/capybara-3.35.3/lib/capybara/session.rb:278:in `visit'\u001b[0m","      \u001b[36m# /home/ec2-user/.rvm/gems/ruby-2.6.3/gems/capybara-3.35.3/lib/capybara/dsl.rb:58:in `block (2 levels) in <module:DSL>'\u001b[0m","      \u001b[36m# ./spec/system/02_after_login_spec.rb:43:in `block (3 levels) in <main>'\u001b[0m","","  13) [STEP2] ユーザログイン後のテスト 投稿一覧画面のテスト サイドバーの確認 titleフォームに値が入っていない","      \u001b[31mFailure/Error: @book = Book.find(params[:id])\u001b[0m","      \u001b[31m\u001b[0m","      \u001b[31mActiveRecord::RecordNotFound:\u001b[0m","      \u001b[31m  Couldn't find Book without an ID\u001b[0m","      \u001b[36m# ./app/controllers/books_controller.rb:8:in `index'\u001b[0m","      \u001b[36m# /home/ec2-user/.rvm/gems/ruby-2.6.3/gems/warden-1.2.9/lib/warden/manager.rb:36:in `block in call'\u001b[0m","      \u001b[36m# /home/ec2-user/.rvm/gems/ruby-2.6.3/gems/warden-1.2.9/lib/warden/manager.rb:34:in `catch'\u001b[0m","      \u001b[36m# /home/ec2-user/.rvm/gems/ruby-2.6.3/gems/warden-1.2.9/lib/warden/manager.rb:34:in `call'\u001b[0m","      \u001b[36m# /home/ec2-user/.rvm/gems/ruby-2.6.3/gems/rack-2.2.3/lib/rack/tempfile_reaper.rb:15:in `call'\u001b[0m","      \u001b[36m# /home/ec2-user/.rvm/gems/ruby-2.6.3/gems/rack-2.2.3/lib/rack/etag.rb:27:in `call'\u001b[0m","      \u001b[36m# /home/ec2-user/.rvm/gems/ruby-2.6.3/gems/rack-2.2.3/lib/rack/conditional_get.rb:27:in `call'\u001b[0m","      \u001b[36m# /home/ec2-user/.rvm/gems/ruby-2.6.3/gems/rack-2.2.3/lib/rack/head.rb:12:in `call'\u001b[0m","      \u001b[36m# /home/ec2-user/.rvm/gems/ruby-2.6.3/gems/rack-2.2.3/lib/rack/session/abstract/id.rb:266:in `context'\u001b[0m","      \u001b[36m# /home/ec2-user/.rvm/gems/ruby-2.6.3/gems/rack-2.2.3/lib/rack/session/abstract/id.rb:260:in `call'\u001b[0m","      \u001b[36m# /home/ec2-user/.rvm/gems/ruby-2.6.3/gems/railties-5.2.5/lib/rails/rack/logger.rb:38:in `call_app'\u001b[0m","      \u001b[36m# /home/ec2-user/.rvm/gems/ruby-2.6.3/gems/railties-5.2.5/lib/rails/rack/logger.rb:26:in `block in call'\u001b[0m","      \u001b[36m# /home/ec2-user/.rvm/gems/ruby-2.6.3/gems/railties-5.2.5/lib/rails/rack/logger.rb:26:in `call'\u001b[0m","      \u001b[36m# /home/ec2-user/.rvm/gems/ruby-2.6.3/gems/rack-2.2.3/lib/rack/method_override.rb:24:in `call'\u001b[0m","      \u001b[36m# /home/ec2-user/.rvm/gems/ruby-2.6.3/gems/rack-2.2.3/lib/rack/runtime.rb:22:in `call'\u001b[0m","      \u001b[36m# /home/ec2-user/.rvm/gems/ruby-2.6.3/gems/rack-2.2.3/lib/rack/sendfile.rb:110:in `call'\u001b[0m","      \u001b[36m# /home/ec2-user/.rvm/gems/ruby-2.6.3/gems/railties-5.2.5/lib/rails/engine.rb:524:in `call'\u001b[0m","      \u001b[36m# /home/ec2-user/.rvm/gems/ruby-2.6.3/gems/rack-2.2.3/lib/rack/urlmap.rb:74:in `block in call'\u001b[0m","      \u001b[36m# /home/ec2-user/.rvm/gems/ruby-2.6.3/gems/rack-2.2.3/lib/rack/urlmap.rb:58:in `each'\u001b[0m","      \u001b[36m# /home/ec2-user/.rvm/gems/ruby-2.6.3/gems/rack-2.2.3/lib/rack/urlmap.rb:58:in `call'\u001b[0m","      \u001b[36m# /home/ec2-user/.rvm/gems/ruby-2.6.3/gems/rack-2.2.3/lib/rack/builder.rb:244:in `call'\u001b[0m","      \u001b[36m# /home/ec2-user/.rvm/gems/ruby-2.6.3/gems/rack-test-1.1.0/lib/rack/mock_session.rb:29:in `request'\u001b[0m","      \u001b[36m# /home/ec2-user/.rvm/gems/ruby-2.6.3/gems/rack-test-1.1.0/lib/rack/test.rb:266:in `process_request'\u001b[0m","      \u001b[36m# /home/ec2-user/.rvm/gems/ruby-2.6.3/gems/rack-test-1.1.0/lib/rack/test.rb:129:in `custom_request'\u001b[0m","      \u001b[36m# /home/ec2-user/.rvm/gems/ruby-2.6.3/gems/rack-test-1.1.0/lib/rack/test.rb:58:in `get'\u001b[0m","      \u001b[36m# /home/ec2-user/.rvm/gems/ruby-2.6.3/gems/capybara-3.35.3/lib/capybara/rack_test/browser.rb:72:in `process'\u001b[0m","      \u001b[36m# /home/ec2-user/.rvm/gems/ruby-2.6.3/gems/capybara-3.35.3/lib/capybara/rack_test/browser.rb:47:in `process_and_follow_redirects'\u001b[0m","      \u001b[36m# /home/ec2-user/.rvm/gems/ruby-2.6.3/gems/capybara-3.35.3/lib/capybara/rack_test/browser.rb:24:in `visit'\u001b[0m","      \u001b[36m# /home/ec2-user/.rvm/gems/ruby-2.6.3/gems/capybara-3.35.3/lib/capybara/rack_test/driver.rb:46:in `visit'\u001b[0m","      \u001b[36m# /home/ec2-user/.rvm/gems/ruby-2.6.3/gems/capybara-3.35.3/lib/capybara/session.rb:278:in `visit'\u001b[0m","      \u001b[36m# /home/ec2-user/.rvm/gems/ruby-2.6.3/gems/capybara-3.35.3/lib/capybara/dsl.rb:58:in `block (2 levels) in <module:DSL>'\u001b[0m","      \u001b[36m# ./spec/system/02_after_login_spec.rb:43:in `block (3 levels) in <main>'\u001b[0m","","  14) [STEP2] ユーザログイン後のテスト 投稿一覧画面のテスト サイドバーの確認 opinionフォームが表示される","      \u001b[31mFailure/Error: @book = Book.find(params[:id])\u001b[0m","      \u001b[31m\u001b[0m","      \u001b[31mActiveRecord::RecordNotFound:\u001b[0m","      \u001b[31m  Couldn't find Book without an ID\u001b[0m","      \u001b[36m# ./app/controllers/books_controller.rb:8:in `index'\u001b[0m","      \u001b[36m# /home/ec2-user/.rvm/gems/ruby-2.6.3/gems/warden-1.2.9/lib/warden/manager.rb:36:in `block in call'\u001b[0m","      \u001b[36m# /home/ec2-user/.rvm/gems/ruby-2.6.3/gems/warden-1.2.9/lib/warden/manager.rb:34:in `catch'\u001b[0m","      \u001b[36m# /home/ec2-user/.rvm/gems/ruby-2.6.3/gems/warden-1.2.9/lib/warden/manager.rb:34:in `call'\u001b[0m","      \u001b[36m# /home/ec2-user/.rvm/gems/ruby-2.6.3/gems/rack-2.2.3/lib/rack/tempfile_reaper.rb:15:in `call'\u001b[0m","      \u001b[36m# /home/ec2-user/.rvm/gems/ruby-2.6.3/gems/rack-2.2.3/lib/rack/etag.rb:27:in `call'\u001b[0m","      \u001b[36m# /home/ec2-user/.rvm/gems/ruby-2.6.3/gems/rack-2.2.3/lib/rack/conditional_get.rb:27:in `call'\u001b[0m","      \u001b[36m# /home/ec2-user/.rvm/gems/ruby-2.6.3/gems/rack-2.2.3/lib/rack/head.rb:12:in `call'\u001b[0m","      \u001b[36m# /home/ec2-user/.rvm/gems/ruby-2.6.3/gems/rack-2.2.3/lib/rack/session/abstract/id.rb:266:in `context'\u001b[0m","      \u001b[36m# /home/ec2-user/.rvm/gems/ruby-2.6.3/gems/rack-2.2.3/lib/rack/session/abstract/id.rb:260:in `call'\u001b[0m","      \u001b[36m# /home/ec2-user/.rvm/gems/ruby-2.6.3/gems/railties-5.2.5/lib/rails/rack/logger.rb:38:in `call_app'\u001b[0m","      \u001b[36m# /home/ec2-user/.rvm/gems/ruby-2.6.3/gems/railties-5.2.5/lib/rails/rack/logger.rb:26:in `block in call'\u001b[0m","      \u001b[36m# /home/ec2-user/.rvm/gems/ruby-2.6.3/gems/railties-5.2.5/lib/rails/rack/logger.rb:26:in `call'\u001b[0m","      \u001b[36m# /home/ec2-user/.rvm/gems/ruby-2.6.3/gems/rack-2.2.3/lib/rack/method_override.rb:24:in `call'\u001b[0m","      \u001b[36m# /home/ec2-user/.rvm/gems/ruby-2.6.3/gems/rack-2.2.3/lib/rack/runtime.rb:22:in `call'\u001b[0m","      \u001b[36m# /home/ec2-user/.rvm/gems/ruby-2.6.3/gems/rack-2.2.3/lib/rack/sendfile.rb:110:in `call'\u001b[0m","      \u001b[36m# /home/ec2-user/.rvm/gems/ruby-2.6.3/gems/railties-5.2.5/lib/rails/engine.rb:524:in `call'\u001b[0m","      \u001b[36m# /home/ec2-user/.rvm/gems/ruby-2.6.3/gems/rack-2.2.3/lib/rack/urlmap.rb:74:in `block in call'\u001b[0m","      \u001b[36m# /home/ec2-user/.rvm/gems/ruby-2.6.3/gems/rack-2.2.3/lib/rack/urlmap.rb:58:in `each'\u001b[0m","      \u001b[36m# /home/ec2-user/.rvm/gems/ruby-2.6.3/gems/rack-2.2.3/lib/rack/urlmap.rb:58:in `call'\u001b[0m","      \u001b[36m# /home/ec2-user/.rvm/gems/ruby-2.6.3/gems/rack-2.2.3/lib/rack/builder.rb:244:in `call'\u001b[0m","      \u001b[36m# /home/ec2-user/.rvm/gems/ruby-2.6.3/gems/rack-test-1.1.0/lib/rack/mock_session.rb:29:in `request'\u001b[0m","      \u001b[36m# /home/ec2-user/.rvm/gems/ruby-2.6.3/gems/rack-test-1.1.0/lib/rack/test.rb:266:in `process_request'\u001b[0m","      \u001b[36m# /home/ec2-user/.rvm/gems/ruby-2.6.3/gems/rack-test-1.1.0/lib/rack/test.rb:129:in `custom_request'\u001b[0m","      \u001b[36m# /home/ec2-user/.rvm/gems/ruby-2.6.3/gems/rack-test-1.1.0/lib/rack/test.rb:58:in `get'\u001b[0m","      \u001b[36m# /home/ec2-user/.rvm/gems/ruby-2.6.3/gems/capybara-3.35.3/lib/capybara/rack_test/browser.rb:72:in `process'\u001b[0m","      \u001b[36m# /home/ec2-user/.rvm/gems/ruby-2.6.3/gems/capybara-3.35.3/lib/capybara/rack_test/browser.rb:47:in `process_and_follow_redirects'\u001b[0m","      \u001b[36m# /home/ec2-user/.rvm/gems/ruby-2.6.3/gems/capybara-3.35.3/lib/capybara/rack_test/browser.rb:24:in `visit'\u001b[0m","      \u001b[36m# /home/ec2-user/.rvm/gems/ruby-2.6.3/gems/capybara-3.35.3/lib/capybara/rack_test/driver.rb:46:in `visit'\u001b[0m","      \u001b[36m# /home/ec2-user/.rvm/gems/ruby-2.6.3/gems/capybara-3.35.3/lib/capybara/session.rb:278:in `visit'\u001b[0m","      \u001b[36m# /home/ec2-user/.rvm/gems/ruby-2.6.3/gems/capybara-3.35.3/lib/capybara/dsl.rb:58:in `block (2 levels) in <module:DSL>'\u001b[0m","      \u001b[36m# ./spec/system/02_after_login_spec.rb:43:in `block (3 levels) in <main>'\u001b[0m","","  15) [STEP2] ユーザログイン後のテスト 投稿一覧画面のテスト サイドバーの確認 opinionフォームに値が入っていない","      \u001b[31mFailure/Error: @book = Book.find(params[:id])\u001b[0m","      \u001b[31m\u001b[0m","      \u001b[31mActiveRecord::RecordNotFound:\u001b[0m","      \u001b[31m  Couldn't find Book without an ID\u001b[0m","      \u001b[36m# ./app/controllers/books_controller.rb:8:in `index'\u001b[0m","      \u001b[36m# /home/ec2-user/.rvm/gems/ruby-2.6.3/gems/warden-1.2.9/lib/warden/manager.rb:36:in `block in call'\u001b[0m","      \u001b[36m# /home/ec2-user/.rvm/gems/ruby-2.6.3/gems/warden-1.2.9/lib/warden/manager.rb:34:in `catch'\u001b[0m","      \u001b[36m# /home/ec2-user/.rvm/gems/ruby-2.6.3/gems/warden-1.2.9/lib/warden/manager.rb:34:in `call'\u001b[0m","      \u001b[36m# /home/ec2-user/.rvm/gems/ruby-2.6.3/gems/rack-2.2.3/lib/rack/tempfile_reaper.rb:15:in `call'\u001b[0m","      \u001b[36m# /home/ec2-user/.rvm/gems/ruby-2.6.3/gems/rack-2.2.3/lib/rack/etag.rb:27:in `call'\u001b[0m","      \u001b[36m# /home/ec2-user/.rvm/gems/ruby-2.6.3/gems/rack-2.2.3/lib/rack/conditional_get.rb:27:in `call'\u001b[0m","      \u001b[36m# /home/ec2-user/.rvm/gems/ruby-2.6.3/gems/rack-2.2.3/lib/rack/head.rb:12:in `call'\u001b[0m","      \u001b[36m# /home/ec2-user/.rvm/gems/ruby-2.6.3/gems/rack-2.2.3/lib/rack/session/abstract/id.rb:266:in `context'\u001b[0m","      \u001b[36m# /home/ec2-user/.rvm/gems/ruby-2.6.3/gems/rack-2.2.3/lib/rack/session/abstract/id.rb:260:in `call'\u001b[0m","      \u001b[36m# /home/ec2-user/.rvm/gems/ruby-2.6.3/gems/railties-5.2.5/lib/rails/rack/logger.rb:38:in `call_app'\u001b[0m","      \u001b[36m# /home/ec2-user/.rvm/gems/ruby-2.6.3/gems/railties-5.2.5/lib/rails/rack/logger.rb:26:in `block in call'\u001b[0m","      \u001b[36m# /home/ec2-user/.rvm/gems/ruby-2.6.3/gems/railties-5.2.5/lib/rails/rack/logger.rb:26:in `call'\u001b[0m","      \u001b[36m# /home/ec2-user/.rvm/gems/ruby-2.6.3/gems/rack-2.2.3/lib/rack/method_override.rb:24:in `call'\u001b[0m","      \u001b[36m# /home/ec2-user/.rvm/gems/ruby-2.6.3/gems/rack-2.2.3/lib/rack/runtime.rb:22:in `call'\u001b[0m","      \u001b[36m# /home/ec2-user/.rvm/gems/ruby-2.6.3/gems/rack-2.2.3/lib/rack/sendfile.rb:110:in `call'\u001b[0m","      \u001b[36m# /home/ec2-user/.rvm/gems/ruby-2.6.3/gems/railties-5.2.5/lib/rails/engine.rb:524:in `call'\u001b[0m","      \u001b[36m# /home/ec2-user/.rvm/gems/ruby-2.6.3/gems/rack-2.2.3/lib/rack/urlmap.rb:74:in `block in call'\u001b[0m","      \u001b[36m# /home/ec2-user/.rvm/gems/ruby-2.6.3/gems/rack-2.2.3/lib/rack/urlmap.rb:58:in `each'\u001b[0m","      \u001b[36m# /home/ec2-user/.rvm/gems/ruby-2.6.3/gems/rack-2.2.3/lib/rack/urlmap.rb:58:in `call'\u001b[0m","      \u001b[36m# /home/ec2-user/.rvm/gems/ruby-2.6.3/gems/rack-2.2.3/lib/rack/builder.rb:244:in `call'\u001b[0m","      \u001b[36m# /home/ec2-user/.rvm/gems/ruby-2.6.3/gems/rack-test-1.1.0/lib/rack/mock_session.rb:29:in `request'\u001b[0m","      \u001b[36m# /home/ec2-user/.rvm/gems/ruby-2.6.3/gems/rack-test-1.1.0/lib/rack/test.rb:266:in `process_request'\u001b[0m","      \u001b[36m# /home/ec2-user/.rvm/gems/ruby-2.6.3/gems/rack-test-1.1.0/lib/rack/test.rb:129:in `custom_request'\u001b[0m","      \u001b[36m# /home/ec2-user/.rvm/gems/ruby-2.6.3/gems/rack-test-1.1.0/lib/rack/test.rb:58:in `get'\u001b[0m","      \u001b[36m# /home/ec2-user/.rvm/gems/ruby-2.6.3/gems/capybara-3.35.3/lib/capybara/rack_test/browser.rb:72:in `process'\u001b[0m","      \u001b[36m# /home/ec2-user/.rvm/gems/ruby-2.6.3/gems/capybara-3.35.3/lib/capybara/rack_test/browser.rb:47:in `process_and_follow_redirects'\u001b[0m","      \u001b[36m# /home/ec2-user/.rvm/gems/ruby-2.6.3/gems/capybara-3.35.3/lib/capybara/rack_test/browser.rb:24:in `visit'\u001b[0m","      \u001b[36m# /home/ec2-user/.rvm/gems/ruby-2.6.3/gems/capybara-3.35.3/lib/capybara/rack_test/driver.rb:46:in `visit'\u001b[0m","      \u001b[36m# /home/ec2-user/.rvm/gems/ruby-2.6.3/gems/capybara-3.35.3/lib/capybara/session.rb:278:in `visit'\u001b[0m","      \u001b[36m# /home/ec2-user/.rvm/gems/ruby-2.6.3/gems/capybara-3.35.3/lib/capybara/dsl.rb:58:in `block (2 levels) in <module:DSL>'\u001b[0m","      \u001b[36m# ./spec/system/02_after_login_spec.rb:43:in `block (3 levels) in <main>'\u001b[0m","","  16) [STEP2] ユーザログイン後のテスト 投稿一覧画面のテスト サイドバーの確認 Create Bookボタンが表示される","      \u001b[31mFailure/Error: @book = Book.find(params[:id])\u001b[0m","      \u001b[31m\u001b[0m","      \u001b[31mActiveRecord::RecordNotFound:\u001b[0m","      \u001b[31m  Couldn't find Book without an ID\u001b[0m","      \u001b[36m# ./app/controllers/books_controller.rb:8:in `index'\u001b[0m","      \u001b[36m# /home/ec2-user/.rvm/gems/ruby-2.6.3/gems/warden-1.2.9/lib/warden/manager.rb:36:in `block in call'\u001b[0m","      \u001b[36m# /home/ec2-user/.rvm/gems/ruby-2.6.3/gems/warden-1.2.9/lib/warden/manager.rb:34:in `catch'\u001b[0m","      \u001b[36m# /home/ec2-user/.rvm/gems/ruby-2.6.3/gems/warden-1.2.9/lib/warden/manager.rb:34:in `call'\u001b[0m","      \u001b[36m# /home/ec2-user/.rvm/gems/ruby-2.6.3/gems/rack-2.2.3/lib/rack/tempfile_reaper.rb:15:in `call'\u001b[0m","      \u001b[36m# /home/ec2-user/.rvm/gems/ruby-2.6.3/gems/rack-2.2.3/lib/rack/etag.rb:27:in `call'\u001b[0m","      \u001b[36m# /home/ec2-user/.rvm/gems/ruby-2.6.3/gems/rack-2.2.3/lib/rack/conditional_get.rb:27:in `call'\u001b[0m","      \u001b[36m# /home/ec2-user/.rvm/gems/ruby-2.6.3/gems/rack-2.2.3/lib/rack/head.rb:12:in `call'\u001b[0m","      \u001b[36m# /home/ec2-user/.rvm/gems/ruby-2.6.3/gems/rack-2.2.3/lib/rack/session/abstract/id.rb:266:in `context'\u001b[0m","      \u001b[36m# /home/ec2-user/.rvm/gems/ruby-2.6.3/gems/rack-2.2.3/lib/rack/session/abstract/id.rb:260:in `call'\u001b[0m","      \u001b[36m# /home/ec2-user/.rvm/gems/ruby-2.6.3/gems/railties-5.2.5/lib/rails/rack/logger.rb:38:in `call_app'\u001b[0m","      \u001b[36m# /home/ec2-user/.rvm/gems/ruby-2.6.3/gems/railties-5.2.5/lib/rails/rack/logger.rb:26:in `block in call'\u001b[0m","      \u001b[36m# /home/ec2-user/.rvm/gems/ruby-2.6.3/gems/railties-5.2.5/lib/rails/rack/logger.rb:26:in `call'\u001b[0m","      \u001b[36m# /home/ec2-user/.rvm/gems/ruby-2.6.3/gems/rack-2.2.3/lib/rack/method_override.rb:24:in `call'\u001b[0m","      \u001b[36m# /home/ec2-user/.rvm/gems/ruby-2.6.3/gems/rack-2.2.3/lib/rack/runtime.rb:22:in `call'\u001b[0m","      \u001b[36m# /home/ec2-user/.rvm/gems/ruby-2.6.3/gems/rack-2.2.3/lib/rack/sendfile.rb:110:in `call'\u001b[0m","      \u001b[36m# /home/ec2-user/.rvm/gems/ruby-2.6.3/gems/railties-5.2.5/lib/rails/engine.rb:524:in `call'\u001b[0m","      \u001b[36m# /home/ec2-user/.rvm/gems/ruby-2.6.3/gems/rack-2.2.3/lib/rack/urlmap.rb:74:in `block in call'\u001b[0m","      \u001b[36m# /home/ec2-user/.rvm/gems/ruby-2.6.3/gems/rack-2.2.3/lib/rack/urlmap.rb:58:in `each'\u001b[0m","      \u001b[36m# /home/ec2-user/.rvm/gems/ruby-2.6.3/gems/rack-2.2.3/lib/rack/urlmap.rb:58:in `call'\u001b[0m","      \u001b[36m# /home/ec2-user/.rvm/gems/ruby-2.6.3/gems/rack-2.2.3/lib/rack/builder.rb:244:in `call'\u001b[0m","      \u001b[36m# /home/ec2-user/.rvm/gems/ruby-2.6.3/gems/rack-test-1.1.0/lib/rack/mock_session.rb:29:in `request'\u001b[0m","      \u001b[36m# /home/ec2-user/.rvm/gems/ruby-2.6.3/gems/rack-test-1.1.0/lib/rack/test.rb:266:in `process_request'\u001b[0m","      \u001b[36m# /home/ec2-user/.rvm/gems/ruby-2.6.3/gems/rack-test-1.1.0/lib/rack/test.rb:129:in `custom_request'\u001b[0m","      \u001b[36m# /home/ec2-user/.rvm/gems/ruby-2.6.3/gems/rack-test-1.1.0/lib/rack/test.rb:58:in `get'\u001b[0m","      \u001b[36m# /home/ec2-user/.rvm/gems/ruby-2.6.3/gems/capybara-3.35.3/lib/capybara/rack_test/browser.rb:72:in `process'\u001b[0m","      \u001b[36m# /home/ec2-user/.rvm/gems/ruby-2.6.3/gems/capybara-3.35.3/lib/capybara/rack_test/browser.rb:47:in `process_and_follow_redirects'\u001b[0m","      \u001b[36m# /home/ec2-user/.rvm/gems/ruby-2.6.3/gems/capybara-3.35.3/lib/capybara/rack_test/browser.rb:24:in `visit'\u001b[0m","      \u001b[36m# /home/ec2-user/.rvm/gems/ruby-2.6.3/gems/capybara-3.35.3/lib/capybara/rack_test/driver.rb:46:in `visit'\u001b[0m","      \u001b[36m# /home/ec2-user/.rvm/gems/ruby-2.6.3/gems/capybara-3.35.3/lib/capybara/session.rb:278:in `visit'\u001b[0m","      \u001b[36m# /home/ec2-user/.rvm/gems/ruby-2.6.3/gems/capybara-3.35.3/lib/capybara/dsl.rb:58:in `block (2 levels) in <module:DSL>'\u001b[0m","      \u001b[36m# ./spec/system/02_after_login_spec.rb:43:in `block (3 levels) in <main>'\u001b[0m","","  17) [STEP2] ユーザログイン後のテスト 投稿一覧画面のテスト 投稿成功のテスト 自分の新しい投稿が正しく保存される","      \u001b[31mFailure/Error: @book = Book.find(params[:id])\u001b[0m","      \u001b[31m\u001b[0m","      \u001b[31mActiveRecord::RecordNotFound:\u001b[0m","      \u001b[31m  Couldn't find Book without an ID\u001b[0m","      \u001b[36m# ./app/controllers/books_controller.rb:8:in `index'\u001b[0m","      \u001b[36m# /home/ec2-user/.rvm/gems/ruby-2.6.3/gems/warden-1.2.9/lib/warden/manager.rb:36:in `block in call'\u001b[0m","      \u001b[36m# /home/ec2-user/.rvm/gems/ruby-2.6.3/gems/warden-1.2.9/lib/warden/manager.rb:34:in `catch'\u001b[0m","      \u001b[36m# /home/ec2-user/.rvm/gems/ruby-2.6.3/gems/warden-1.2.9/lib/warden/manager.rb:34:in `call'\u001b[0m","      \u001b[36m# /home/ec2-user/.rvm/gems/ruby-2.6.3/gems/rack-2.2.3/lib/rack/tempfile_reaper.rb:15:in `call'\u001b[0m","      \u001b[36m# /home/ec2-user/.rvm/gems/ruby-2.6.3/gems/rack-2.2.3/lib/rack/etag.rb:27:in `call'\u001b[0m","      \u001b[36m# /home/ec2-user/.rvm/gems/ruby-2.6.3/gems/rack-2.2.3/lib/rack/conditional_get.rb:27:in `call'\u001b[0m","      \u001b[36m# /home/ec2-user/.rvm/gems/ruby-2.6.3/gems/rack-2.2.3/lib/rack/head.rb:12:in `call'\u001b[0m","      \u001b[36m# /home/ec2-user/.rvm/gems/ruby-2.6.3/gems/rack-2.2.3/lib/rack/session/abstract/id.rb:266:in `context'\u001b[0m","      \u001b[36m# /home/ec2-user/.rvm/gems/ruby-2.6.3/gems/rack-2.2.3/lib/rack/session/abstract/id.rb:260:in `call'\u001b[0m","      \u001b[36m# /home/ec2-user/.rvm/gems/ruby-2.6.3/gems/railties-5.2.5/lib/rails/rack/logger.rb:38:in `call_app'\u001b[0m","      \u001b[36m# /home/ec2-user/.rvm/gems/ruby-2.6.3/gems/railties-5.2.5/lib/rails/rack/logger.rb:26:in `block in call'\u001b[0m","      \u001b[36m# /home/ec2-user/.rvm/gems/ruby-2.6.3/gems/railties-5.2.5/lib/rails/rack/logger.rb:26:in `call'\u001b[0m","      \u001b[36m# /home/ec2-user/.rvm/gems/ruby-2.6.3/gems/rack-2.2.3/lib/rack/method_override.rb:24:in `call'\u001b[0m","      \u001b[36m# /home/ec2-user/.rvm/gems/ruby-2.6.3/gems/rack-2.2.3/lib/rack/runtime.rb:22:in `call'\u001b[0m","      \u001b[36m# /home/ec2-user/.rvm/gems/ruby-2.6.3/gems/rack-2.2.3/lib/rack/sendfile.rb:110:in `call'\u001b[0m","      \u001b[36m# /home/ec2-user/.rvm/gems/ruby-2.6.3/gems/railties-5.2.5/lib/rails/engine.rb:524:in `call'\u001b[0m","      \u001b[36m# /home/ec2-user/.rvm/gems/ruby-2.6.3/gems/rack-2.2.3/lib/rack/urlmap.rb:74:in `block in call'\u001b[0m","      \u001b[36m# /home/ec2-user/.rvm/gems/ruby-2.6.3/gems/rack-2.2.3/lib/rack/urlmap.rb:58:in `each'\u001b[0m","      \u001b[36m# /home/ec2-user/.rvm/gems/ruby-2.6.3/gems/rack-2.2.3/lib/rack/urlmap.rb:58:in `call'\u001b[0m","      \u001b[36m# /home/ec2-user/.rvm/gems/ruby-2.6.3/gems/rack-2.2.3/lib/rack/builder.rb:244:in `call'\u001b[0m","      \u001b[36m# /home/ec2-user/.rvm/gems/ruby-2.6.3/gems/rack-test-1.1.0/lib/rack/mock_session.rb:29:in `request'\u001b[0m","      \u001b[36m# /home/ec2-user/.rvm/gems/ruby-2.6.3/gems/rack-test-1.1.0/lib/rack/test.rb:266:in `process_request'\u001b[0m","      \u001b[36m# /home/ec2-user/.rvm/gems/ruby-2.6.3/gems/rack-test-1.1.0/lib/rack/test.rb:129:in `custom_request'\u001b[0m","      \u001b[36m# /home/ec2-user/.rvm/gems/ruby-2.6.3/gems/rack-test-1.1.0/lib/rack/test.rb:58:in `get'\u001b[0m","      \u001b[36m# /home/ec2-user/.rvm/gems/ruby-2.6.3/gems/capybara-3.35.3/lib/capybara/rack_test/browser.rb:72:in `process'\u001b[0m","      \u001b[36m# /home/ec2-user/.rvm/gems/ruby-2.6.3/gems/capybara-3.35.3/lib/capybara/rack_test/browser.rb:47:in `process_and_follow_redirects'\u001b[0m","      \u001b[36m# /home/ec2-user/.rvm/gems/ruby-2.6.3/gems/capybara-3.35.3/lib/capybara/rack_test/browser.rb:24:in `visit'\u001b[0m","      \u001b[36m# /home/ec2-user/.rvm/gems/ruby-2.6.3/gems/capybara-3.35.3/lib/capybara/rack_test/driver.rb:46:in `visit'\u001b[0m","      \u001b[36m# /home/ec2-user/.rvm/gems/ruby-2.6.3/gems/capybara-3.35.3/lib/capybara/session.rb:278:in `visit'\u001b[0m","      \u001b[36m# /home/ec2-user/.rvm/gems/ruby-2.6.3/gems/capybara-3.35.3/lib/capybara/dsl.rb:58:in `block (2 levels) in <module:DSL>'\u001b[0m","      \u001b[36m# ./spec/system/02_after_login_spec.rb:43:in `block (3 levels) in <main>'\u001b[0m","","  18) [STEP2] ユーザログイン後のテスト 投稿一覧画面のテスト 投稿成功のテスト リダイレクト先が、保存できた投稿の詳細画面になっている","      \u001b[31mFailure/Error: @book = Book.find(params[:id])\u001b[0m","      \u001b[31m\u001b[0m","      \u001b[31mActiveRecord::RecordNotFound:\u001b[0m","      \u001b[31m  Couldn't find Book without an ID\u001b[0m","      \u001b[36m# ./app/controllers/books_controller.rb:8:in `index'\u001b[0m","      \u001b[36m# /home/ec2-user/.rvm/gems/ruby-2.6.3/gems/warden-1.2.9/lib/warden/manager.rb:36:in `block in call'\u001b[0m","      \u001b[36m# /home/ec2-user/.rvm/gems/ruby-2.6.3/gems/warden-1.2.9/lib/warden/manager.rb:34:in `catch'\u001b[0m","      \u001b[36m# /home/ec2-user/.rvm/gems/ruby-2.6.3/gems/warden-1.2.9/lib/warden/manager.rb:34:in `call'\u001b[0m","      \u001b[36m# /home/ec2-user/.rvm/gems/ruby-2.6.3/gems/rack-2.2.3/lib/rack/tempfile_reaper.rb:15:in `call'\u001b[0m","      \u001b[36m# /home/ec2-user/.rvm/gems/ruby-2.6.3/gems/rack-2.2.3/lib/rack/etag.rb:27:in `call'\u001b[0m","      \u001b[36m# /home/ec2-user/.rvm/gems/ruby-2.6.3/gems/rack-2.2.3/lib/rack/conditional_get.rb:27:in `call'\u001b[0m","      \u001b[36m# /home/ec2-user/.rvm/gems/ruby-2.6.3/gems/rack-2.2.3/lib/rack/head.rb:12:in `call'\u001b[0m","      \u001b[36m# /home/ec2-user/.rvm/gems/ruby-2.6.3/gems/rack-2.2.3/lib/rack/session/abstract/id.rb:266:in `context'\u001b[0m","      \u001b[36m# /home/ec2-user/.rvm/gems/ruby-2.6.3/gems/rack-2.2.3/lib/rack/session/abstract/id.rb:260:in `call'\u001b[0m","      \u001b[36m# /home/ec2-user/.rvm/gems/ruby-2.6.3/gems/railties-5.2.5/lib/rails/rack/logger.rb:38:in `call_app'\u001b[0m","      \u001b[36m# /home/ec2-user/.rvm/gems/ruby-2.6.3/gems/railties-5.2.5/lib/rails/rack/logger.rb:26:in `block in call'\u001b[0m","      \u001b[36m# /home/ec2-user/.rvm/gems/ruby-2.6.3/gems/railties-5.2.5/lib/rails/rack/logger.rb:26:in `call'\u001b[0m","      \u001b[36m# /home/ec2-user/.rvm/gems/ruby-2.6.3/gems/rack-2.2.3/lib/rack/method_override.rb:24:in `call'\u001b[0m","      \u001b[36m# /home/ec2-user/.rvm/gems/ruby-2.6.3/gems/rack-2.2.3/lib/rack/runtime.rb:22:in `call'\u001b[0m","      \u001b[36m# /home/ec2-user/.rvm/gems/ruby-2.6.3/gems/rack-2.2.3/lib/rack/sendfile.rb:110:in `call'\u001b[0m","      \u001b[36m# /home/ec2-user/.rvm/gems/ruby-2.6.3/gems/railties-5.2.5/lib/rails/engine.rb:524:in `call'\u001b[0m","      \u001b[36m# /home/ec2-user/.rvm/gems/ruby-2.6.3/gems/rack-2.2.3/lib/rack/urlmap.rb:74:in `block in call'\u001b[0m","      \u001b[36m# /home/ec2-user/.rvm/gems/ruby-2.6.3/gems/rack-2.2.3/lib/rack/urlmap.rb:58:in `each'\u001b[0m","      \u001b[36m# /home/ec2-user/.rvm/gems/ruby-2.6.3/gems/rack-2.2.3/lib/rack/urlmap.rb:58:in `call'\u001b[0m","      \u001b[36m# /home/ec2-user/.rvm/gems/ruby-2.6.3/gems/rack-2.2.3/lib/rack/builder.rb:244:in `call'\u001b[0m","      \u001b[36m# /home/ec2-user/.rvm/gems/ruby-2.6.3/gems/rack-test-1.1.0/lib/rack/mock_session.rb:29:in `request'\u001b[0m","      \u001b[36m# /home/ec2-user/.rvm/gems/ruby-2.6.3/gems/rack-test-1.1.0/lib/rack/test.rb:266:in `process_request'\u001b[0m","      \u001b[36m# /home/ec2-user/.rvm/gems/ruby-2.6.3/gems/rack-test-1.1.0/lib/rack/test.rb:129:in `custom_request'\u001b[0m","      \u001b[36m# /home/ec2-user/.rvm/gems/ruby-2.6.3/gems/rack-test-1.1.0/lib/rack/test.rb:58:in `get'\u001b[0m","      \u001b[36m# /home/ec2-user/.rvm/gems/ruby-2.6.3/gems/capybara-3.35.3/lib/capybara/rack_test/browser.rb:72:in `process'\u001b[0m","      \u001b[36m# /home/ec2-user/.rvm/gems/ruby-2.6.3/gems/capybara-3.35.3/lib/capybara/rack_test/browser.rb:47:in `process_and_follow_redirects'\u001b[0m","      \u001b[36m# /home/ec2-user/.rvm/gems/ruby-2.6.3/gems/capybara-3.35.3/lib/capybara/rack_test/browser.rb:24:in `visit'\u001b[0m","      \u001b[36m# /home/ec2-user/.rvm/gems/ruby-2.6.3/gems/capybara-3.35.3/lib/capybara/rack_test/driver.rb:46:in `visit'\u001b[0m","      \u001b[36m# /home/ec2-user/.rvm/gems/ruby-2.6.3/gems/capybara-3.35.3/lib/capybara/session.rb:278:in `visit'\u001b[0m","      \u001b[36m# /home/ec2-user/.rvm/gems/ruby-2.6.3/gems/capybara-3.35.3/lib/capybara/dsl.rb:58:in `block (2 levels) in <module:DSL>'\u001b[0m","      \u001b[36m# ./spec/system/02_after_login_spec.rb:43:in `block (3 levels) in <main>'\u001b[0m","","  19) [STEP2] ユーザログイン後のテスト 自分の投稿詳細画面のテスト 削除リンクのテスト 正しく削除される","      \u001b[31mFailure/Error: @book = Book.find(params[:id])\u001b[0m","      \u001b[31m\u001b[0m","      \u001b[31mActiveRecord::RecordNotFound:\u001b[0m","      \u001b[31m  Couldn't find Book without an ID\u001b[0m","      \u001b[36m# ./app/controllers/books_controller.rb:8:in `index'\u001b[0m","      \u001b[36m# /home/ec2-user/.rvm/gems/ruby-2.6.3/gems/warden-1.2.9/lib/warden/manager.rb:36:in `block in call'\u001b[0m","      \u001b[36m# /home/ec2-user/.rvm/gems/ruby-2.6.3/gems/warden-1.2.9/lib/warden/manager.rb:34:in `catch'\u001b[0m","      \u001b[36m# /home/ec2-user/.rvm/gems/ruby-2.6.3/gems/warden-1.2.9/lib/warden/manager.rb:34:in `call'\u001b[0m","      \u001b[36m# /home/ec2-user/.rvm/gems/ruby-2.6.3/gems/rack-2.2.3/lib/rack/tempfile_reaper.rb:15:in `call'\u001b[0m","      \u001b[36m# /home/ec2-user/.rvm/gems/ruby-2.6.3/gems/rack-2.2.3/lib/rack/etag.rb:27:in `call'\u001b[0m","      \u001b[36m# /home/ec2-user/.rvm/gems/ruby-2.6.3/gems/rack-2.2.3/lib/rack/conditional_get.rb:27:in `call'\u001b[0m","      \u001b[36m# /home/ec2-user/.rvm/gems/ruby-2.6.3/gems/rack-2.2.3/lib/rack/head.rb:12:in `call'\u001b[0m","      \u001b[36m# /home/ec2-user/.rvm/gems/ruby-2.6.3/gems/rack-2.2.3/lib/rack/session/abstract/id.rb:266:in `context'\u001b[0m","      \u001b[36m# /home/ec2-user/.rvm/gems/ruby-2.6.3/gems/rack-2.2.3/lib/rack/session/abstract/id.rb:260:in `call'\u001b[0m","      \u001b[36m# /home/ec2-user/.rvm/gems/ruby-2.6.3/gems/railties-5.2.5/lib/rails/rack/logger.rb:38:in `call_app'\u001b[0m","      \u001b[36m# /home/ec2-user/.rvm/gems/ruby-2.6.3/gems/railties-5.2.5/lib/rails/rack/logger.rb:26:in `block in call'\u001b[0m","      \u001b[36m# /home/ec2-user/.rvm/gems/ruby-2.6.3/gems/railties-5.2.5/lib/rails/rack/logger.rb:26:in `call'\u001b[0m","      \u001b[36m# /home/ec2-user/.rvm/gems/ruby-2.6.3/gems/rack-2.2.3/lib/rack/method_override.rb:24:in `call'\u001b[0m","      \u001b[36m# /home/ec2-user/.rvm/gems/ruby-2.6.3/gems/rack-2.2.3/lib/rack/runtime.rb:22:in `call'\u001b[0m","      \u001b[36m# /home/ec2-user/.rvm/gems/ruby-2.6.3/gems/rack-2.2.3/lib/rack/sendfile.rb:110:in `call'\u001b[0m","      \u001b[36m# /home/ec2-user/.rvm/gems/ruby-2.6.3/gems/railties-5.2.5/lib/rails/engine.rb:524:in `call'\u001b[0m","      \u001b[36m# /home/ec2-user/.rvm/gems/ruby-2.6.3/gems/rack-2.2.3/lib/rack/urlmap.rb:74:in `block in call'\u001b[0m","      \u001b[36m# /home/ec2-user/.rvm/gems/ruby-2.6.3/gems/rack-2.2.3/lib/rack/urlmap.rb:58:in `each'\u001b[0m","      \u001b[36m# /home/ec2-user/.rvm/gems/ruby-2.6.3/gems/rack-2.2.3/lib/rack/urlmap.rb:58:in `call'\u001b[0m","      \u001b[36m# /home/ec2-user/.rvm/gems/ruby-2.6.3/gems/rack-2.2.3/lib/rack/builder.rb:244:in `call'\u001b[0m","      \u001b[36m# /home/ec2-user/.rvm/gems/ruby-2.6.3/gems/rack-test-1.1.0/lib/rack/mock_session.rb:29:in `request'\u001b[0m","      \u001b[36m# /home/ec2-user/.rvm/gems/ruby-2.6.3/gems/rack-test-1.1.0/lib/rack/test.rb:266:in `process_request'\u001b[0m","      \u001b[36m# /home/ec2-user/.rvm/gems/ruby-2.6.3/gems/rack-test-1.1.0/lib/rack/test.rb:129:in `custom_request'\u001b[0m","      \u001b[36m# /home/ec2-user/.rvm/gems/ruby-2.6.3/gems/rack-test-1.1.0/lib/rack/test.rb:58:in `get'\u001b[0m","      \u001b[36m# /home/ec2-user/.rvm/gems/ruby-2.6.3/gems/capybara-3.35.3/lib/capybara/rack_test/browser.rb:72:in `process'\u001b[0m","      \u001b[36m# /home/ec2-user/.rvm/gems/ruby-2.6.3/gems/capybara-3.35.3/lib/capybara/rack_test/browser.rb:56:in `block in process_and_follow_redirects'\u001b[0m","      \u001b[36m# /home/ec2-user/.rvm/gems/ruby-2.6.3/gems/capybara-3.35.3/lib/capybara/rack_test/browser.rb:51:in `times'\u001b[0m","      \u001b[36m# /home/ec2-user/.rvm/gems/ruby-2.6.3/gems/capybara-3.35.3/lib/capybara/rack_test/browser.rb:51:in `process_and_follow_redirects'\u001b[0m","      \u001b[36m# /home/ec2-user/.rvm/gems/ruby-2.6.3/gems/capybara-3.35.3/lib/capybara/rack_test/browser.rb:42:in `follow'\u001b[0m","      \u001b[36m# /home/ec2-user/.rvm/gems/ruby-2.6.3/gems/capybara-3.35.3/lib/capybara/rack_test/node.rb:246:in `follow_link'\u001b[0m","      \u001b[36m# /home/ec2-user/.rvm/gems/ruby-2.6.3/gems/capybara-3.35.3/lib/capybara/rack_test/node.rb:72:in `click'\u001b[0m","      \u001b[36m# /home/ec2-user/.rvm/gems/ruby-2.6.3/gems/capybara-3.35.3/lib/capybara/rack_test/node.rb:137:in `block (2 levels) in <class:Node>'\u001b[0m","      \u001b[36m# /home/ec2-user/.rvm/gems/ruby-2.6.3/gems/capybara-3.35.3/lib/capybara/node/element.rb:172:in `block in click'\u001b[0m","      \u001b[36m# /home/ec2-user/.rvm/gems/ruby-2.6.3/gems/capybara-3.35.3/lib/capybara/node/element.rb:597:in `block in perform_click_action'\u001b[0m","      \u001b[36m# /home/ec2-user/.rvm/gems/ruby-2.6.3/gems/capybara-3.35.3/lib/capybara/node/base.rb:83:in `synchronize'\u001b[0m","      \u001b[36m# /home/ec2-user/.rvm/gems/ruby-2.6.3/gems/capybara-3.35.3/lib/capybara/node/element.rb:597:in `perform_click_action'\u001b[0m","      \u001b[36m# /home/ec2-user/.rvm/gems/ruby-2.6.3/gems/capybara-3.35.3/lib/capybara/node/element.rb:171:in `click'\u001b[0m","      \u001b[36m# /home/ec2-user/.rvm/gems/ruby-2.6.3/gems/capybara-3.35.3/lib/capybara/node/actions.rb:42:in `click_link'\u001b[0m","      \u001b[36m# /home/ec2-user/.rvm/gems/ruby-2.6.3/gems/capybara-3.35.3/lib/capybara/session.rb:768:in `block (2 levels) in <class:Session>'\u001b[0m","      \u001b[36m# /home/ec2-user/.rvm/gems/ruby-2.6.3/gems/capybara-3.35.3/lib/capybara/dsl.rb:58:in `block (2 levels) in <module:DSL>'\u001b[0m","      \u001b[36m# ./spec/system/02_after_login_spec.rb:185:in `block (4 levels) in <main>'\u001b[0m","","  20) [STEP2] ユーザログイン後のテスト 自分の投稿詳細画面のテスト 削除リンクのテスト リダイレクト先が、投稿一覧画面になっている","      \u001b[31mFailure/Error: @book = Book.find(params[:id])\u001b[0m","      \u001b[31m\u001b[0m","      \u001b[31mActiveRecord::RecordNotFound:\u001b[0m","      \u001b[31m  Couldn't find Book without an ID\u001b[0m","      \u001b[36m# ./app/controllers/books_controller.rb:8:in `index'\u001b[0m","      \u001b[36m# /home/ec2-user/.rvm/gems/ruby-2.6.3/gems/warden-1.2.9/lib/warden/manager.rb:36:in `block in call'\u001b[0m","      \u001b[36m# /home/ec2-user/.rvm/gems/ruby-2.6.3/gems/warden-1.2.9/lib/warden/manager.rb:34:in `catch'\u001b[0m","      \u001b[36m# /home/ec2-user/.rvm/gems/ruby-2.6.3/gems/warden-1.2.9/lib/warden/manager.rb:34:in `call'\u001b[0m","      \u001b[36m# /home/ec2-user/.rvm/gems/ruby-2.6.3/gems/rack-2.2.3/lib/rack/tempfile_reaper.rb:15:in `call'\u001b[0m","      \u001b[36m# /home/ec2-user/.rvm/gems/ruby-2.6.3/gems/rack-2.2.3/lib/rack/etag.rb:27:in `call'\u001b[0m","      \u001b[36m# /home/ec2-user/.rvm/gems/ruby-2.6.3/gems/rack-2.2.3/lib/rack/conditional_get.rb:27:in `call'\u001b[0m","      \u001b[36m# /home/ec2-user/.rvm/gems/ruby-2.6.3/gems/rack-2.2.3/lib/rack/head.rb:12:in `call'\u001b[0m","      \u001b[36m# /home/ec2-user/.rvm/gems/ruby-2.6.3/gems/rack-2.2.3/lib/rack/session/abstract/id.rb:266:in `context'\u001b[0m","      \u001b[36m# /home/ec2-user/.rvm/gems/ruby-2.6.3/gems/rack-2.2.3/lib/rack/session/abstract/id.rb:260:in `call'\u001b[0m","      \u001b[36m# /home/ec2-user/.rvm/gems/ruby-2.6.3/gems/railties-5.2.5/lib/rails/rack/logger.rb:38:in `call_app'\u001b[0m","      \u001b[36m# /home/ec2-user/.rvm/gems/ruby-2.6.3/gems/railties-5.2.5/lib/rails/rack/logger.rb:26:in `block in call'\u001b[0m","      \u001b[36m# /home/ec2-user/.rvm/gems/ruby-2.6.3/gems/railties-5.2.5/lib/rails/rack/logger.rb:26:in `call'\u001b[0m","      \u001b[36m# /home/ec2-user/.rvm/gems/ruby-2.6.3/gems/rack-2.2.3/lib/rack/method_override.rb:24:in `call'\u001b[0m","      \u001b[36m# /home/ec2-user/.rvm/gems/ruby-2.6.3/gems/rack-2.2.3/lib/rack/runtime.rb:22:in `call'\u001b[0m","      \u001b[36m# /home/ec2-user/.rvm/gems/ruby-2.6.3/gems/rack-2.2.3/lib/rack/sendfile.rb:110:in `call'\u001b[0m","      \u001b[36m# /home/ec2-user/.rvm/gems/ruby-2.6.3/gems/railties-5.2.5/lib/rails/engine.rb:524:in `call'\u001b[0m","      \u001b[36m# /home/ec2-user/.rvm/gems/ruby-2.6.3/gems/rack-2.2.3/lib/rack/urlmap.rb:74:in `block in call'\u001b[0m","      \u001b[36m# /home/ec2-user/.rvm/gems/ruby-2.6.3/gems/rack-2.2.3/lib/rack/urlmap.rb:58:in `each'\u001b[0m","      \u001b[36m# /home/ec2-user/.rvm/gems/ruby-2.6.3/gems/rack-2.2.3/lib/rack/urlmap.rb:58:in `call'\u001b[0m","      \u001b[36m# /home/ec2-user/.rvm/gems/ruby-2.6.3/gems/rack-2.2.3/lib/rack/builder.rb:244:in `call'\u001b[0m","      \u001b[36m# /home/ec2-user/.rvm/gems/ruby-2.6.3/gems/rack-test-1.1.0/lib/rack/mock_session.rb:29:in `request'\u001b[0m","      \u001b[36m# /home/ec2-user/.rvm/gems/ruby-2.6.3/gems/rack-test-1.1.0/lib/rack/test.rb:266:in `process_request'\u001b[0m","      \u001b[36m# /home/ec2-user/.rvm/gems/ruby-2.6.3/gems/rack-test-1.1.0/lib/rack/test.rb:129:in `custom_request'\u001b[0m","      \u001b[36m# /home/ec2-user/.rvm/gems/ruby-2.6.3/gems/rack-test-1.1.0/lib/rack/test.rb:58:in `get'\u001b[0m","      \u001b[36m# /home/ec2-user/.rvm/gems/ruby-2.6.3/gems/capybara-3.35.3/lib/capybara/rack_test/browser.rb:72:in `process'\u001b[0m","      \u001b[36m# /home/ec2-user/.rvm/gems/ruby-2.6.3/gems/capybara-3.35.3/lib/capybara/rack_test/browser.rb:56:in `block in process_and_follow_redirects'\u001b[0m","      \u001b[36m# /home/ec2-user/.rvm/gems/ruby-2.6.3/gems/capybara-3.35.3/lib/capybara/rack_test/browser.rb:51:in `times'\u001b[0m","      \u001b[36m# /home/ec2-user/.rvm/gems/ruby-2.6.3/gems/capybara-3.35.3/lib/capybara/rack_test/browser.rb:51:in `process_and_follow_redirects'\u001b[0m","      \u001b[36m# /home/ec2-user/.rvm/gems/ruby-2.6.3/gems/capybara-3.35.3/lib/capybara/rack_test/browser.rb:42:in `follow'\u001b[0m","      \u001b[36m# /home/ec2-user/.rvm/gems/ruby-2.6.3/gems/capybara-3.35.3/lib/capybara/rack_test/node.rb:246:in `follow_link'\u001b[0m","      \u001b[36m# /home/ec2-user/.rvm/gems/ruby-2.6.3/gems/capybara-3.35.3/lib/capybara/rack_test/node.rb:72:in `click'\u001b[0m","      \u001b[36m# /home/ec2-user/.rvm/gems/ruby-2.6.3/gems/capybara-3.35.3/lib/capybara/rack_test/node.rb:137:in `block (2 levels) in <class:Node>'\u001b[0m","      \u001b[36m# /home/ec2-user/.rvm/gems/ruby-2.6.3/gems/capybara-3.35.3/lib/capybara/node/element.rb:172:in `block in click'\u001b[0m","      \u001b[36m# /home/ec2-user/.rvm/gems/ruby-2.6.3/gems/capybara-3.35.3/lib/capybara/node/element.rb:597:in `block in perform_click_action'\u001b[0m","      \u001b[36m# /home/ec2-user/.rvm/gems/ruby-2.6.3/gems/capybara-3.35.3/lib/capybara/node/base.rb:83:in `synchronize'\u001b[0m","      \u001b[36m# /home/ec2-user/.rvm/gems/ruby-2.6.3/gems/capybara-3.35.3/lib/capybara/node/element.rb:597:in `perform_click_action'\u001b[0m","      \u001b[36m# /home/ec2-user/.rvm/gems/ruby-2.6.3/gems/capybara-3.35.3/lib/capybara/node/element.rb:171:in `click'\u001b[0m","      \u001b[36m# /home/ec2-user/.rvm/gems/ruby-2.6.3/gems/capybara-3.35.3/lib/capybara/node/actions.rb:42:in `click_link'\u001b[0m","      \u001b[36m# /home/ec2-user/.rvm/gems/ruby-2.6.3/gems/capybara-3.35.3/lib/capybara/session.rb:768:in `block (2 levels) in <class:Session>'\u001b[0m","      \u001b[36m# /home/ec2-user/.rvm/gems/ruby-2.6.3/gems/capybara-3.35.3/lib/capybara/dsl.rb:58:in `block (2 levels) in <module:DSL>'\u001b[0m","      \u001b[36m# ./spec/system/02_after_login_spec.rb:185:in `block (4 levels) in <main>'\u001b[0m","","  21) [STEP2] ユーザログイン後のテスト 自分のユーザ詳細画面のテスト 表示の確認 投稿一覧のユーザ画像のリンク先が正しい","      \u001b[31mFailure/Error: expect(page).to have_link '', href: user_path(user)\u001b[0m","      \u001b[31m  expected to find link \"\" with href \"/users/2\" but there were no matches\u001b[0m","      \u001b[36m# ./spec/system/02_after_login_spec.rb:309:in `block (4 levels) in <main>'\u001b[0m","","  22) [STEP2] ユーザログイン後のテスト 自分のユーザ詳細画面のテスト 表示の確認 投稿一覧に自分の投稿のtitleが表示され、リンクが正しい","      \u001b[31mFailure/Error: expect(page).to have_link book.title, href: book_path(book)\u001b[0m","      \u001b[31m  expected to find link \"r0us7\" with href \"/books/1\" but there were no matches\u001b[0m","      \u001b[36m# ./spec/system/02_after_login_spec.rb:312:in `block (4 levels) in <main>'\u001b[0m","","  23) [STEP3] 仕上げのテスト サクセスメッセージのテスト 投稿データの新規投稿成功時: 投稿一覧画面から行います。","      \u001b[31mFailure/Error: @book = Book.find(params[:id])\u001b[0m","      \u001b[31m\u001b[0m","      \u001b[31mActiveRecord::RecordNotFound:\u001b[0m","      \u001b[31m  Couldn't find Book without an ID\u001b[0m","      \u001b[36m# ./app/controllers/books_controller.rb:8:in `index'\u001b[0m","      \u001b[36m# /home/ec2-user/.rvm/gems/ruby-2.6.3/gems/warden-1.2.9/lib/warden/manager.rb:36:in `block in call'\u001b[0m","      \u001b[36m# /home/ec2-user/.rvm/gems/ruby-2.6.3/gems/warden-1.2.9/lib/warden/manager.rb:34:in `catch'\u001b[0m","      \u001b[36m# /home/ec2-user/.rvm/gems/ruby-2.6.3/gems/warden-1.2.9/lib/warden/manager.rb:34:in `call'\u001b[0m","      \u001b[36m# /home/ec2-user/.rvm/gems/ruby-2.6.3/gems/rack-2.2.3/lib/rack/tempfile_reaper.rb:15:in `call'\u001b[0m","      \u001b[36m# /home/ec2-user/.rvm/gems/ruby-2.6.3/gems/rack-2.2.3/lib/rack/etag.rb:27:in `call'\u001b[0m","      \u001b[36m# /home/ec2-user/.rvm/gems/ruby-2.6.3/gems/rack-2.2.3/lib/rack/conditional_get.rb:27:in `call'\u001b[0m","      \u001b[36m# /home/ec2-user/.rvm/gems/ruby-2.6.3/gems/rack-2.2.3/lib/rack/head.rb:12:in `call'\u001b[0m","      \u001b[36m# /home/ec2-user/.rvm/gems/ruby-2.6.3/gems/rack-2.2.3/lib/rack/session/abstract/id.rb:266:in `context'\u001b[0m","      \u001b[36m# /home/ec2-user/.rvm/gems/ruby-2.6.3/gems/rack-2.2.3/lib/rack/session/abstract/id.rb:260:in `call'\u001b[0m","      \u001b[36m# /home/ec2-user/.rvm/gems/ruby-2.6.3/gems/railties-5.2.5/lib/rails/rack/logger.rb:38:in `call_app'\u001b[0m","      \u001b[36m# /home/ec2-user/.rvm/gems/ruby-2.6.3/gems/railties-5.2.5/lib/rails/rack/logger.rb:26:in `block in call'\u001b[0m","      \u001b[36m# /home/ec2-user/.rvm/gems/ruby-2.6.3/gems/railties-5.2.5/lib/rails/rack/logger.rb:26:in `call'\u001b[0m","      \u001b[36m# /home/ec2-user/.rvm/gems/ruby-2.6.3/gems/rack-2.2.3/lib/rack/method_override.rb:24:in `call'\u001b[0m","      \u001b[36m# /home/ec2-user/.rvm/gems/ruby-2.6.3/gems/rack-2.2.3/lib/rack/runtime.rb:22:in `call'\u001b[0m","      \u001b[36m# /home/ec2-user/.rvm/gems/ruby-2.6.3/gems/rack-2.2.3/lib/rack/sendfile.rb:110:in `call'\u001b[0m","      \u001b[36m# /home/ec2-user/.rvm/gems/ruby-2.6.3/gems/railties-5.2.5/lib/rails/engine.rb:524:in `call'\u001b[0m","      \u001b[36m# /home/ec2-user/.rvm/gems/ruby-2.6.3/gems/rack-2.2.3/lib/rack/urlmap.rb:74:in `block in call'\u001b[0m","      \u001b[36m# /home/ec2-user/.rvm/gems/ruby-2.6.3/gems/rack-2.2.3/lib/rack/urlmap.rb:58:in `each'\u001b[0m","      \u001b[36m# /home/ec2-user/.rvm/gems/ruby-2.6.3/gems/rack-2.2.3/lib/rack/urlmap.rb:58:in `call'\u001b[0m","      \u001b[36m# /home/ec2-user/.rvm/gems/ruby-2.6.3/gems/rack-2.2.3/lib/rack/builder.rb:244:in `call'\u001b[0m","      \u001b[36m# /home/ec2-user/.rvm/gems/ruby-2.6.3/gems/rack-test-1.1.0/lib/rack/mock_session.rb:29:in `request'\u001b[0m","      \u001b[36m# /home/ec2-user/.rvm/gems/ruby-2.6.3/gems/rack-test-1.1.0/lib/rack/test.rb:266:in `process_request'\u001b[0m","      \u001b[36m# /home/ec2-user/.rvm/gems/ruby-2.6.3/gems/rack-test-1.1.0/lib/rack/test.rb:129:in `custom_request'\u001b[0m","      \u001b[36m# /home/ec2-user/.rvm/gems/ruby-2.6.3/gems/rack-test-1.1.0/lib/rack/test.rb:58:in `get'\u001b[0m","      \u001b[36m# /home/ec2-user/.rvm/gems/ruby-2.6.3/gems/capybara-3.35.3/lib/capybara/rack_test/browser.rb:72:in `process'\u001b[0m","      \u001b[36m# /home/ec2-user/.rvm/gems/ruby-2.6.3/gems/capybara-3.35.3/lib/capybara/rack_test/browser.rb:47:in `process_and_follow_redirects'\u001b[0m","      \u001b[36m# /home/ec2-user/.rvm/gems/ruby-2.6.3/gems/capybara-3.35.3/lib/capybara/rack_test/browser.rb:24:in `visit'\u001b[0m","      \u001b[36m# /home/ec2-user/.rvm/gems/ruby-2.6.3/gems/capybara-3.35.3/lib/capybara/rack_test/driver.rb:46:in `visit'\u001b[0m","      \u001b[36m# /home/ec2-user/.rvm/gems/ruby-2.6.3/gems/capybara-3.35.3/lib/capybara/session.rb:278:in `visit'\u001b[0m","      \u001b[36m# /home/ec2-user/.rvm/gems/ruby-2.6.3/gems/capybara-3.35.3/lib/capybara/dsl.rb:58:in `block (2 levels) in <module:DSL>'\u001b[0m","      \u001b[36m# ./spec/system/03_finishing_touches_spec.rb:52:in `block (3 levels) in <main>'\u001b[0m","","  24) [STEP3] 仕上げのテスト 処理失敗時のテスト ユーザのプロフィール情報編集失敗: nameを1文字にする ユーザ編集画面を表示しており、フォームの内容が正しい","      \u001b[31mFailure/Error: expect(page).to have_field 'user[name]', with: @name\u001b[0m","      \u001b[31m  expected to find field \"user[name]\" that is not disabled but there were no matches\u001b[0m","      \u001b[36m# ./spec/system/03_finishing_touches_spec.rb:113:in `block (4 levels) in <main>'\u001b[0m","","  25) [STEP3] 仕上げのテスト 処理失敗時のテスト ユーザのプロフィール情報編集失敗: nameを1文字にする バリデーションエラーが表示される","      \u001b[31mFailure/Error: expect(page).to have_content \"is too short (minimum is 2 characters)\"\u001b[0m","      \u001b[31m\u001b[0m","      \u001b[31mCapybara::ElementNotFound:\u001b[0m","      \u001b[31m  Unable to find xpath \"/html\"\u001b[0m","      \u001b[36m# /home/ec2-user/.rvm/gems/ruby-2.6.3/gems/capybara-3.35.3/lib/capybara/node/finders.rb:303:in `block in synced_resolve'\u001b[0m","      \u001b[36m# /home/ec2-user/.rvm/gems/ruby-2.6.3/gems/capybara-3.35.3/lib/capybara/node/base.rb:77:in `synchronize'\u001b[0m","      \u001b[36m# /home/ec2-user/.rvm/gems/ruby-2.6.3/gems/capybara-3.35.3/lib/capybara/node/finders.rb:292:in `synced_resolve'\u001b[0m","      \u001b[36m# /home/ec2-user/.rvm/gems/ruby-2.6.3/gems/capybara-3.35.3/lib/capybara/node/finders.rb:53:in `find'\u001b[0m","      \u001b[36m# /home/ec2-user/.rvm/gems/ruby-2.6.3/gems/capybara-3.35.3/lib/capybara/node/document.rb:24:in `text'\u001b[0m","      \u001b[36m# /home/ec2-user/.rvm/gems/ruby-2.6.3/gems/capybara-3.35.3/lib/capybara/queries/text_query.rb:108:in `text'\u001b[0m","      \u001b[36m# /home/ec2-user/.rvm/gems/ruby-2.6.3/gems/capybara-3.35.3/lib/capybara/queries/text_query.rb:29:in `resolve_for'\u001b[0m","      \u001b[36m# /home/ec2-user/.rvm/gems/ruby-2.6.3/gems/capybara-3.35.3/lib/capybara/node/matchers.rb:862:in `block in _verify_text'\u001b[0m","      \u001b[36m# /home/ec2-user/.rvm/gems/ruby-2.6.3/gems/capybara-3.35.3/lib/capybara/node/base.rb:83:in `synchronize'\u001b[0m","      \u001b[36m# /home/ec2-user/.rvm/gems/ruby-2.6.3/gems/capybara-3.35.3/lib/capybara/node/matchers.rb:861:in `_verify_text'\u001b[0m","      \u001b[36m# /home/ec2-user/.rvm/gems/ruby-2.6.3/gems/capybara-3.35.3/lib/capybara/node/matchers.rb:676:in `assert_text'\u001b[0m","      \u001b[36m# /home/ec2-user/.rvm/gems/ruby-2.6.3/gems/capybara-3.35.3/lib/capybara/session.rb:768:in `block (2 levels) in <class:Session>'\u001b[0m","      \u001b[36m# /home/ec2-user/.rvm/gems/ruby-2.6.3/gems/capybara-3.35.3/lib/capybara/rspec/matchers/have_text.rb:10:in `element_matches?'\u001b[0m","      \u001b[36m# /home/ec2-user/.rvm/gems/ruby-2.6.3/gems/capybara-3.35.3/lib/capybara/rspec/matchers/base.rb:51:in `matches?'\u001b[0m","      \u001b[36m# ./spec/system/03_finishing_touches_spec.rb:116:in `block (4 levels) in <main>'\u001b[0m","","  26) [STEP3] 仕上げのテスト 処理失敗時のテスト 投稿データの新規投稿失敗: 投稿一覧画面から行い、titleを空にする 投稿が保存されない","      \u001b[31mFailure/Error: @book = Book.find(params[:id])\u001b[0m","      \u001b[31m\u001b[0m","      \u001b[31mActiveRecord::RecordNotFound:\u001b[0m","      \u001b[31m  Couldn't find Book without an ID\u001b[0m","      \u001b[36m# ./app/controllers/books_controller.rb:8:in `index'\u001b[0m","      \u001b[36m# /home/ec2-user/.rvm/gems/ruby-2.6.3/gems/warden-1.2.9/lib/warden/manager.rb:36:in `block in call'\u001b[0m","      \u001b[36m# /home/ec2-user/.rvm/gems/ruby-2.6.3/gems/warden-1.2.9/lib/warden/manager.rb:34:in `catch'\u001b[0m","      \u001b[36m# /home/ec2-user/.rvm/gems/ruby-2.6.3/gems/warden-1.2.9/lib/warden/manager.rb:34:in `call'\u001b[0m","      \u001b[36m# /home/ec2-user/.rvm/gems/ruby-2.6.3/gems/rack-2.2.3/lib/rack/tempfile_reaper.rb:15:in `call'\u001b[0m","      \u001b[36m# /home/ec2-user/.rvm/gems/ruby-2.6.3/gems/rack-2.2.3/lib/rack/etag.rb:27:in `call'\u001b[0m","      \u001b[36m# /home/ec2-user/.rvm/gems/ruby-2.6.3/gems/rack-2.2.3/lib/rack/conditional_get.rb:27:in `call'\u001b[0m","      \u001b[36m# /home/ec2-user/.rvm/gems/ruby-2.6.3/gems/rack-2.2.3/lib/rack/head.rb:12:in `call'\u001b[0m","      \u001b[36m# /home/ec2-user/.rvm/gems/ruby-2.6.3/gems/rack-2.2.3/lib/rack/session/abstract/id.rb:266:in `context'\u001b[0m","      \u001b[36m# /home/ec2-user/.rvm/gems/ruby-2.6.3/gems/rack-2.2.3/lib/rack/session/abstract/id.rb:260:in `call'\u001b[0m","      \u001b[36m# /home/ec2-user/.rvm/gems/ruby-2.6.3/gems/railties-5.2.5/lib/rails/rack/logger.rb:38:in `call_app'\u001b[0m","      \u001b[36m# /home/ec2-user/.rvm/gems/ruby-2.6.3/gems/railties-5.2.5/lib/rails/rack/logger.rb:26:in `block in call'\u001b[0m","      \u001b[36m# /home/ec2-user/.rvm/gems/ruby-2.6.3/gems/railties-5.2.5/lib/rails/rack/logger.rb:26:in `call'\u001b[0m","      \u001b[36m# /home/ec2-user/.rvm/gems/ruby-2.6.3/gems/rack-2.2.3/lib/rack/method_override.rb:24:in `call'\u001b[0m","      \u001b[36m# /home/ec2-user/.rvm/gems/ruby-2.6.3/gems/rack-2.2.3/lib/rack/runtime.rb:22:in `call'\u001b[0m","      \u001b[36m# /home/ec2-user/.rvm/gems/ruby-2.6.3/gems/rack-2.2.3/lib/rack/sendfile.rb:110:in `call'\u001b[0m","      \u001b[36m# /home/ec2-user/.rvm/gems/ruby-2.6.3/gems/railties-5.2.5/lib/rails/engine.rb:524:in `call'\u001b[0m","      \u001b[36m# /home/ec2-user/.rvm/gems/ruby-2.6.3/gems/rack-2.2.3/lib/rack/urlmap.rb:74:in `block in call'\u001b[0m","      \u001b[36m# /home/ec2-user/.rvm/gems/ruby-2.6.3/gems/rack-2.2.3/lib/rack/urlmap.rb:58:in `each'\u001b[0m","      \u001b[36m# /home/ec2-user/.rvm/gems/ruby-2.6.3/gems/rack-2.2.3/lib/rack/urlmap.rb:58:in `call'\u001b[0m","      \u001b[36m# /home/ec2-user/.rvm/gems/ruby-2.6.3/gems/rack-2.2.3/lib/rack/builder.rb:244:in `call'\u001b[0m","      \u001b[36m# /home/ec2-user/.rvm/gems/ruby-2.6.3/gems/rack-test-1.1.0/lib/rack/mock_session.rb:29:in `request'\u001b[0m","      \u001b[36m# /home/ec2-user/.rvm/gems/ruby-2.6.3/gems/rack-test-1.1.0/lib/rack/test.rb:266:in `process_request'\u001b[0m","      \u001b[36m# /home/ec2-user/.rvm/gems/ruby-2.6.3/gems/rack-test-1.1.0/lib/rack/test.rb:129:in `custom_request'\u001b[0m","      \u001b[36m# /home/ec2-user/.rvm/gems/ruby-2.6.3/gems/rack-test-1.1.0/lib/rack/test.rb:58:in `get'\u001b[0m","      \u001b[36m# /home/ec2-user/.rvm/gems/ruby-2.6.3/gems/capybara-3.35.3/lib/capybara/rack_test/browser.rb:72:in `process'\u001b[0m","      \u001b[36m# /home/ec2-user/.rvm/gems/ruby-2.6.3/gems/capybara-3.35.3/lib/capybara/rack_test/browser.rb:47:in `process_and_follow_redirects'\u001b[0m","      \u001b[36m# /home/ec2-user/.rvm/gems/ruby-2.6.3/gems/capybara-3.35.3/lib/capybara/rack_test/browser.rb:24:in `visit'\u001b[0m","      \u001b[36m# /home/ec2-user/.rvm/gems/ruby-2.6.3/gems/capybara-3.35.3/lib/capybara/rack_test/driver.rb:46:in `visit'\u001b[0m","      \u001b[36m# /home/ec2-user/.rvm/gems/ruby-2.6.3/gems/capybara-3.35.3/lib/capybara/session.rb:278:in `visit'\u001b[0m","      \u001b[36m# /home/ec2-user/.rvm/gems/ruby-2.6.3/gems/capybara-3.35.3/lib/capybara/dsl.rb:58:in `block (2 levels) in <module:DSL>'\u001b[0m","      \u001b[36m# ./spec/system/03_finishing_touches_spec.rb:126:in `block (4 levels) in <main>'\u001b[0m","","  27) [STEP3] 仕上げのテスト 処理失敗時のテスト 投稿データの新規投稿失敗: 投稿一覧画面から行い、titleを空にする 投稿一覧画面を表示している","      \u001b[31mFailure/Error: @book = Book.find(params[:id])\u001b[0m","      \u001b[31m\u001b[0m","      \u001b[31mActiveRecord::RecordNotFound:\u001b[0m","      \u001b[31m  Couldn't find Book without an ID\u001b[0m","      \u001b[36m# ./app/controllers/books_controller.rb:8:in `index'\u001b[0m","      \u001b[36m# /home/ec2-user/.rvm/gems/ruby-2.6.3/gems/warden-1.2.9/lib/warden/manager.rb:36:in `block in call'\u001b[0m","      \u001b[36m# /home/ec2-user/.rvm/gems/ruby-2.6.3/gems/warden-1.2.9/lib/warden/manager.rb:34:in `catch'\u001b[0m","      \u001b[36m# /home/ec2-user/.rvm/gems/ruby-2.6.3/gems/warden-1.2.9/lib/warden/manager.rb:34:in `call'\u001b[0m","      \u001b[36m# /home/ec2-user/.rvm/gems/ruby-2.6.3/gems/rack-2.2.3/lib/rack/tempfile_reaper.rb:15:in `call'\u001b[0m","      \u001b[36m# /home/ec2-user/.rvm/gems/ruby-2.6.3/gems/rack-2.2.3/lib/rack/etag.rb:27:in `call'\u001b[0m","      \u001b[36m# /home/ec2-user/.rvm/gems/ruby-2.6.3/gems/rack-2.2.3/lib/rack/conditional_get.rb:27:in `call'\u001b[0m","      \u001b[36m# /home/ec2-user/.rvm/gems/ruby-2.6.3/gems/rack-2.2.3/lib/rack/head.rb:12:in `call'\u001b[0m","      \u001b[36m# /home/ec2-user/.rvm/gems/ruby-2.6.3/gems/rack-2.2.3/lib/rack/session/abstract/id.rb:266:in `context'\u001b[0m","      \u001b[36m# /home/ec2-user/.rvm/gems/ruby-2.6.3/gems/rack-2.2.3/lib/rack/session/abstract/id.rb:260:in `call'\u001b[0m","      \u001b[36m# /home/ec2-user/.rvm/gems/ruby-2.6.3/gems/railties-5.2.5/lib/rails/rack/logger.rb:38:in `call_app'\u001b[0m","      \u001b[36m# /home/ec2-user/.rvm/gems/ruby-2.6.3/gems/railties-5.2.5/lib/rails/rack/logger.rb:26:in `block in call'\u001b[0m","      \u001b[36m# /home/ec2-user/.rvm/gems/ruby-2.6.3/gems/railties-5.2.5/lib/rails/rack/logger.rb:26:in `call'\u001b[0m","      \u001b[36m# /home/ec2-user/.rvm/gems/ruby-2.6.3/gems/rack-2.2.3/lib/rack/method_override.rb:24:in `call'\u001b[0m","      \u001b[36m# /home/ec2-user/.rvm/gems/ruby-2.6.3/gems/rack-2.2.3/lib/rack/runtime.rb:22:in `call'\u001b[0m","      \u001b[36m# /home/ec2-user/.rvm/gems/ruby-2.6.3/gems/rack-2.2.3/lib/rack/sendfile.rb:110:in `call'\u001b[0m","      \u001b[36m# /home/ec2-user/.rvm/gems/ruby-2.6.3/gems/railties-5.2.5/lib/rails/engine.rb:524:in `call'\u001b[0m","      \u001b[36m# /home/ec2-user/.rvm/gems/ruby-2.6.3/gems/rack-2.2.3/lib/rack/urlmap.rb:74:in `block in call'\u001b[0m","      \u001b[36m# /home/ec2-user/.rvm/gems/ruby-2.6.3/gems/rack-2.2.3/lib/rack/urlmap.rb:58:in `each'\u001b[0m","      \u001b[36m# /home/ec2-user/.rvm/gems/ruby-2.6.3/gems/rack-2.2.3/lib/rack/urlmap.rb:58:in `call'\u001b[0m","      \u001b[36m# /home/ec2-user/.rvm/gems/ruby-2.6.3/gems/rack-2.2.3/lib/rack/builder.rb:244:in `call'\u001b[0m","      \u001b[36m# /home/ec2-user/.rvm/gems/ruby-2.6.3/gems/rack-test-1.1.0/lib/rack/mock_session.rb:29:in `request'\u001b[0m","      \u001b[36m# /home/ec2-user/.rvm/gems/ruby-2.6.3/gems/rack-test-1.1.0/lib/rack/test.rb:266:in `process_request'\u001b[0m","      \u001b[36m# /home/ec2-user/.rvm/gems/ruby-2.6.3/gems/rack-test-1.1.0/lib/rack/test.rb:129:in `custom_request'\u001b[0m","      \u001b[36m# /home/ec2-user/.rvm/gems/ruby-2.6.3/gems/rack-test-1.1.0/lib/rack/test.rb:58:in `get'\u001b[0m","      \u001b[36m# /home/ec2-user/.rvm/gems/ruby-2.6.3/gems/capybara-3.35.3/lib/capybara/rack_test/browser.rb:72:in `process'\u001b[0m","      \u001b[36m# /home/ec2-user/.rvm/gems/ruby-2.6.3/gems/capybara-3.35.3/lib/capybara/rack_test/browser.rb:47:in `process_and_follow_redirects'\u001b[0m","      \u001b[36m# /home/ec2-user/.rvm/gems/ruby-2.6.3/gems/capybara-3.35.3/lib/capybara/rack_test/browser.rb:24:in `visit'\u001b[0m","      \u001b[36m# /home/ec2-user/.rvm/gems/ruby-2.6.3/gems/capybara-3.35.3/lib/capybara/rack_test/driver.rb:46:in `visit'\u001b[0m","      \u001b[36m# /home/ec2-user/.rvm/gems/ruby-2.6.3/gems/capybara-3.35.3/lib/capybara/session.rb:278:in `visit'\u001b[0m","      \u001b[36m# /home/ec2-user/.rvm/gems/ruby-2.6.3/gems/capybara-3.35.3/lib/capybara/dsl.rb:58:in `block (2 levels) in <module:DSL>'\u001b[0m","      \u001b[36m# ./spec/system/03_finishing_touches_spec.rb:126:in `block (4 levels) in <main>'\u001b[0m","","  28) [STEP3] 仕上げのテスト 処理失敗時のテスト 投稿データの新規投稿失敗: 投稿一覧画面から行い、titleを空にする 新規投稿フォームの内容が正しい","      \u001b[31mFailure/Error: @book = Book.find(params[:id])\u001b[0m","      \u001b[31m\u001b[0m","      \u001b[31mActiveRecord::RecordNotFound:\u001b[0m","      \u001b[31m  Couldn't find Book without an ID\u001b[0m","      \u001b[36m# ./app/controllers/books_controller.rb:8:in `index'\u001b[0m","      \u001b[36m# /home/ec2-user/.rvm/gems/ruby-2.6.3/gems/warden-1.2.9/lib/warden/manager.rb:36:in `block in call'\u001b[0m","      \u001b[36m# /home/ec2-user/.rvm/gems/ruby-2.6.3/gems/warden-1.2.9/lib/warden/manager.rb:34:in `catch'\u001b[0m","      \u001b[36m# /home/ec2-user/.rvm/gems/ruby-2.6.3/gems/warden-1.2.9/lib/warden/manager.rb:34:in `call'\u001b[0m","      \u001b[36m# /home/ec2-user/.rvm/gems/ruby-2.6.3/gems/rack-2.2.3/lib/rack/tempfile_reaper.rb:15:in `call'\u001b[0m","      \u001b[36m# /home/ec2-user/.rvm/gems/ruby-2.6.3/gems/rack-2.2.3/lib/rack/etag.rb:27:in `call'\u001b[0m","      \u001b[36m# /home/ec2-user/.rvm/gems/ruby-2.6.3/gems/rack-2.2.3/lib/rack/conditional_get.rb:27:in `call'\u001b[0m","      \u001b[36m# /home/ec2-user/.rvm/gems/ruby-2.6.3/gems/rack-2.2.3/lib/rack/head.rb:12:in `call'\u001b[0m","      \u001b[36m# /home/ec2-user/.rvm/gems/ruby-2.6.3/gems/rack-2.2.3/lib/rack/session/abstract/id.rb:266:in `context'\u001b[0m","      \u001b[36m# /home/ec2-user/.rvm/gems/ruby-2.6.3/gems/rack-2.2.3/lib/rack/session/abstract/id.rb:260:in `call'\u001b[0m","      \u001b[36m# /home/ec2-user/.rvm/gems/ruby-2.6.3/gems/railties-5.2.5/lib/rails/rack/logger.rb:38:in `call_app'\u001b[0m","      \u001b[36m# /home/ec2-user/.rvm/gems/ruby-2.6.3/gems/railties-5.2.5/lib/rails/rack/logger.rb:26:in `block in call'\u001b[0m","      \u001b[36m# /home/ec2-user/.rvm/gems/ruby-2.6.3/gems/railties-5.2.5/lib/rails/rack/logger.rb:26:in `call'\u001b[0m","      \u001b[36m# /home/ec2-user/.rvm/gems/ruby-2.6.3/gems/rack-2.2.3/lib/rack/method_override.rb:24:in `call'\u001b[0m","      \u001b[36m# /home/ec2-user/.rvm/gems/ruby-2.6.3/gems/rack-2.2.3/lib/rack/runtime.rb:22:in `call'\u001b[0m","      \u001b[36m# /home/ec2-user/.rvm/gems/ruby-2.6.3/gems/rack-2.2.3/lib/rack/sendfile.rb:110:in `call'\u001b[0m","      \u001b[36m# /home/ec2-user/.rvm/gems/ruby-2.6.3/gems/railties-5.2.5/lib/rails/engine.rb:524:in `call'\u001b[0m","      \u001b[36m# /home/ec2-user/.rvm/gems/ruby-2.6.3/gems/rack-2.2.3/lib/rack/urlmap.rb:74:in `block in call'\u001b[0m","      \u001b[36m# /home/ec2-user/.rvm/gems/ruby-2.6.3/gems/rack-2.2.3/lib/rack/urlmap.rb:58:in `each'\u001b[0m","      \u001b[36m# /home/ec2-user/.rvm/gems/ruby-2.6.3/gems/rack-2.2.3/lib/rack/urlmap.rb:58:in `call'\u001b[0m","      \u001b[36m# /home/ec2-user/.rvm/gems/ruby-2.6.3/gems/rack-2.2.3/lib/rack/builder.rb:244:in `call'\u001b[0m","      \u001b[36m# /home/ec2-user/.rvm/gems/ruby-2.6.3/gems/rack-test-1.1.0/lib/rack/mock_session.rb:29:in `request'\u001b[0m","      \u001b[36m# /home/ec2-user/.rvm/gems/ruby-2.6.3/gems/rack-test-1.1.0/lib/rack/test.rb:266:in `process_request'\u001b[0m","      \u001b[36m# /home/ec2-user/.rvm/gems/ruby-2.6.3/gems/rack-test-1.1.0/lib/rack/test.rb:129:in `custom_request'\u001b[0m","      \u001b[36m# /home/ec2-user/.rvm/gems/ruby-2.6.3/gems/rack-test-1.1.0/lib/rack/test.rb:58:in `get'\u001b[0m","      \u001b[36m# /home/ec2-user/.rvm/gems/ruby-2.6.3/gems/capybara-3.35.3/lib/capybara/rack_test/browser.rb:72:in `process'\u001b[0m","      \u001b[36m# /home/ec2-user/.rvm/gems/ruby-2.6.3/gems/capybara-3.35.3/lib/capybara/rack_test/browser.rb:47:in `process_and_follow_redirects'\u001b[0m","      \u001b[36m# /home/ec2-user/.rvm/gems/ruby-2.6.3/gems/capybara-3.35.3/lib/capybara/rack_test/browser.rb:24:in `visit'\u001b[0m","      \u001b[36m# /home/ec2-user/.rvm/gems/ruby-2.6.3/gems/capybara-3.35.3/lib/capybara/rack_test/driver.rb:46:in `visit'\u001b[0m","      \u001b[36m# /home/ec2-user/.rvm/gems/ruby-2.6.3/gems/capybara-3.35.3/lib/capybara/session.rb:278:in `visit'\u001b[0m","      \u001b[36m# /home/ec2-user/.rvm/gems/ruby-2.6.3/gems/capybara-3.35.3/lib/capybara/dsl.rb:58:in `block (2 levels) in <module:DSL>'\u001b[0m","      \u001b[36m# ./spec/system/03_finishing_touches_spec.rb:126:in `block (4 levels) in <main>'\u001b[0m","","  29) [STEP3] 仕上げのテスト 処理失敗時のテスト 投稿データの新規投稿失敗: 投稿一覧画面から行い、titleを空にする バリデーションエラーが表示される","      \u001b[31mFailure/Error: @book = Book.find(params[:id])\u001b[0m","      \u001b[31m\u001b[0m","      \u001b[31mActiveRecord::RecordNotFound:\u001b[0m","      \u001b[31m  Couldn't find Book without an ID\u001b[0m","      \u001b[36m# ./app/controllers/books_controller.rb:8:in `index'\u001b[0m","      \u001b[36m# /home/ec2-user/.rvm/gems/ruby-2.6.3/gems/warden-1.2.9/lib/warden/manager.rb:36:in `block in call'\u001b[0m","      \u001b[36m# /home/ec2-user/.rvm/gems/ruby-2.6.3/gems/warden-1.2.9/lib/warden/manager.rb:34:in `catch'\u001b[0m","      \u001b[36m# /home/ec2-user/.rvm/gems/ruby-2.6.3/gems/warden-1.2.9/lib/warden/manager.rb:34:in `call'\u001b[0m","      \u001b[36m# /home/ec2-user/.rvm/gems/ruby-2.6.3/gems/rack-2.2.3/lib/rack/tempfile_reaper.rb:15:in `call'\u001b[0m","      \u001b[36m# /home/ec2-user/.rvm/gems/ruby-2.6.3/gems/rack-2.2.3/lib/rack/etag.rb:27:in `call'\u001b[0m","      \u001b[36m# /home/ec2-user/.rvm/gems/ruby-2.6.3/gems/rack-2.2.3/lib/rack/conditional_get.rb:27:in `call'\u001b[0m","      \u001b[36m# /home/ec2-user/.rvm/gems/ruby-2.6.3/gems/rack-2.2.3/lib/rack/head.rb:12:in `call'\u001b[0m","      \u001b[36m# /home/ec2-user/.rvm/gems/ruby-2.6.3/gems/rack-2.2.3/lib/rack/session/abstract/id.rb:266:in `context'\u001b[0m","      \u001b[36m# /home/ec2-user/.rvm/gems/ruby-2.6.3/gems/rack-2.2.3/lib/rack/session/abstract/id.rb:260:in `call'\u001b[0m","      \u001b[36m# /home/ec2-user/.rvm/gems/ruby-2.6.3/gems/railties-5.2.5/lib/rails/rack/logger.rb:38:in `call_app'\u001b[0m","      \u001b[36m# /home/ec2-user/.rvm/gems/ruby-2.6.3/gems/railties-5.2.5/lib/rails/rack/logger.rb:26:in `block in call'\u001b[0m","      \u001b[36m# /home/ec2-user/.rvm/gems/ruby-2.6.3/gems/railties-5.2.5/lib/rails/rack/logger.rb:26:in `call'\u001b[0m","      \u001b[36m# /home/ec2-user/.rvm/gems/ruby-2.6.3/gems/rack-2.2.3/lib/rack/method_override.rb:24:in `call'\u001b[0m","      \u001b[36m# /home/ec2-user/.rvm/gems/ruby-2.6.3/gems/rack-2.2.3/lib/rack/runtime.rb:22:in `call'\u001b[0m","      \u001b[36m# /home/ec2-user/.rvm/gems/ruby-2.6.3/gems/rack-2.2.3/lib/rack/sendfile.rb:110:in `call'\u001b[0m","      \u001b[36m# /home/ec2-user/.rvm/gems/ruby-2.6.3/gems/railties-5.2.5/lib/rails/engine.rb:524:in `call'\u001b[0m","      \u001b[36m# /home/ec2-user/.rvm/gems/ruby-2.6.3/gems/rack-2.2.3/lib/rack/urlmap.rb:74:in `block in call'\u001b[0m","      \u001b[36m# /home/ec2-user/.rvm/gems/ruby-2.6.3/gems/rack-2.2.3/lib/rack/urlmap.rb:58:in `each'\u001b[0m","      \u001b[36m# /home/ec2-user/.rvm/gems/ruby-2.6.3/gems/rack-2.2.3/lib/rack/urlmap.rb:58:in `call'\u001b[0m","      \u001b[36m# /home/ec2-user/.rvm/gems/ruby-2.6.3/gems/rack-2.2.3/lib/rack/builder.rb:244:in `call'\u001b[0m","      \u001b[36m# /home/ec2-user/.rvm/gems/ruby-2.6.3/gems/rack-test-1.1.0/lib/rack/mock_session.rb:29:in `request'\u001b[0m","      \u001b[36m# /home/ec2-user/.rvm/gems/ruby-2.6.3/gems/rack-test-1.1.0/lib/rack/test.rb:266:in `process_request'\u001b[0m","      \u001b[36m# /home/ec2-user/.rvm/gems/ruby-2.6.3/gems/rack-test-1.1.0/lib/rack/test.rb:129:in `custom_request'\u001b[0m","      \u001b[36m# /home/ec2-user/.rvm/gems/ruby-2.6.3/gems/rack-test-1.1.0/lib/rack/test.rb:58:in `get'\u001b[0m","      \u001b[36m# /home/ec2-user/.rvm/gems/ruby-2.6.3/gems/capybara-3.35.3/lib/capybara/rack_test/browser.rb:72:in `process'\u001b[0m","      \u001b[36m# /home/ec2-user/.rvm/gems/ruby-2.6.3/gems/capybara-3.35.3/lib/capybara/rack_test/browser.rb:47:in `process_and_follow_redirects'\u001b[0m","      \u001b[36m# /home/ec2-user/.rvm/gems/ruby-2.6.3/gems/capybara-3.35.3/lib/capybara/rack_test/browser.rb:24:in `visit'\u001b[0m","      \u001b[36m# /home/ec2-user/.rvm/gems/ruby-2.6.3/gems/capybara-3.35.3/lib/capybara/rack_test/driver.rb:46:in `visit'\u001b[0m","      \u001b[36m# /home/ec2-user/.rvm/gems/ruby-2.6.3/gems/capybara-3.35.3/lib/capybara/session.rb:278:in `visit'\u001b[0m","      \u001b[36m# /home/ec2-user/.rvm/gems/ruby-2.6.3/gems/capybara-3.35.3/lib/capybara/dsl.rb:58:in `block (2 levels) in <module:DSL>'\u001b[0m","      \u001b[36m# ./spec/system/03_finishing_touches_spec.rb:126:in `block (4 levels) in <main>'\u001b[0m","","  30) [STEP3] 仕上げのテスト 他人の画面のテスト 他人の投稿詳細画面のテスト 表示内容の確認 ユーザ画像・名前のリンク先が正しい","      \u001b[31mFailure/Error: expect(page).to have_link other_book.user.name, href: user_path(other_book.user)\u001b[0m","      \u001b[31m  expected to find link \"aejjo2imfo\" with href \"/users/1\" but there were no matches\u001b[0m","      \u001b[36m# ./spec/system/03_finishing_touches_spec.rb:226:in `block (5 levels) in <main>'\u001b[0m","","  31) [STEP3] 仕上げのテスト 他人の画面のテスト 他人の投稿詳細画面のテスト 表示内容の確認 投稿の編集リンクが表示されない","      \u001b[31mFailure/Error: expect(page).not_to have_link 'Edit'\u001b[0m","      \u001b[31m  expected not to find visible link \"Edit\", found 1 match: \"Edit\"\u001b[0m","      \u001b[36m# ./spec/system/03_finishing_touches_spec.rb:235:in `block (5 levels) in <main>'\u001b[0m","","  32) [STEP3] 仕上げのテスト 他人の画面のテスト 他人の投稿詳細画面のテスト 表示内容の確認 投稿の削除リンクが表示されない","      \u001b[31mFailure/Error: expect(page).not_to have_link 'Destroy'\u001b[0m","      \u001b[31m  expected not to find visible link \"Destroy\", found 1 match: \"Destroy\"\u001b[0m","      \u001b[36m# ./spec/system/03_finishing_touches_spec.rb:238:in `block (5 levels) in <main>'\u001b[0m","","  33) [STEP3] 仕上げのテスト 他人の画面のテスト 他人の投稿詳細画面のテスト サイドバーの確認 他人の名前と紹介文が表示される","      \u001b[31mFailure/Error: expect(page).to have_content other_user.name\u001b[0m","      \u001b[31m  expected to find text \"vh57ajis93\" in \"Bookers\\nHome Users Books logout\\nUser info\\nname xk7bcm3dcp introduction cx7t85yv2ilo4i2fenwe\\nNew book\\nTitle\\nOpinion\\nBook detail\\nxk7bcm3dcp 7e1t3 k9v0mol7cibeop6rvixr Edit Destroy\\nCopyRight Infratop.inc\"\u001b[0m","      \u001b[36m# ./spec/system/03_finishing_touches_spec.rb:244:in `block (5 levels) in <main>'\u001b[0m","","  34) [STEP3] 仕上げのテスト 他人の画面のテスト 他人の投稿詳細画面のテスト サイドバーの確認 他人のユーザ編集画面へのリンクが存在する","      \u001b[31mFailure/Error: expect(page).to have_link '', href: edit_user_path(other_user)\u001b[0m","      \u001b[31m  expected to find link \"\" with href \"/users/1/edit\" but there were no matches\u001b[0m","      \u001b[36m# ./spec/system/03_finishing_touches_spec.rb:248:in `block (5 levels) in <main>'\u001b[0m","","  35) [STEP3] 仕上げのテスト 他人の画面のテスト 他人の投稿詳細画面のテスト サイドバーの確認 自分の名前と紹介文は表示されない","      \u001b[31mFailure/Error: expect(page).not_to have_content user.name\u001b[0m","      \u001b[31m  expected not to find text \"rsatpag16g\" in \"Bookers\\nHome Users Books logout\\nUser info\\nname rsatpag16g introduction vk0bauphvy13uj7etfxw\\nNew book\\nTitle\\nOpinion\\nBook detail\\nrsatpag16g 33lxp ez2wye8cr9oqk33qaeb4 Edit Destroy\\nCopyRight Infratop.inc\"\u001b[0m","      \u001b[36m# ./spec/system/03_finishing_touches_spec.rb:251:in `block (5 levels) in <main>'\u001b[0m","","  36) [STEP3] 仕上げのテスト 他人の画面のテスト 他人の投稿詳細画面のテスト サイドバーの確認 自分のユーザ編集画面へのリンクは存在しない","      \u001b[31mFailure/Error: expect(page).not_to have_link '', href: edit_user_path(user)\u001b[0m","      \u001b[31m  expected not to find visible link \"\" with href \"/users/2/edit\", found 1 match: \"\"\u001b[0m","      \u001b[36m# ./spec/system/03_finishing_touches_spec.rb:255:in `block (5 levels) in <main>'\u001b[0m","","  37) [STEP3] 仕上げのテスト 他人の画面のテスト 他人の投稿編集画面 遷移できず、投稿一覧画面にリダイレクトされる","      \u001b[31mFailure/Error: @book = Book.find(params[:id])\u001b[0m","      \u001b[31m\u001b[0m","      \u001b[31mActiveRecord::RecordNotFound:\u001b[0m","      \u001b[31m  Couldn't find Book without an ID\u001b[0m","      \u001b[36m# ./app/controllers/books_controller.rb:8:in `index'\u001b[0m","      \u001b[36m# /home/ec2-user/.rvm/gems/ruby-2.6.3/gems/warden-1.2.9/lib/warden/manager.rb:36:in `block in call'\u001b[0m","      \u001b[36m# /home/ec2-user/.rvm/gems/ruby-2.6.3/gems/warden-1.2.9/lib/warden/manager.rb:34:in `catch'\u001b[0m","      \u001b[36m# /home/ec2-user/.rvm/gems/ruby-2.6.3/gems/warden-1.2.9/lib/warden/manager.rb:34:in `call'\u001b[0m","      \u001b[36m# /home/ec2-user/.rvm/gems/ruby-2.6.3/gems/rack-2.2.3/lib/rack/tempfile_reaper.rb:15:in `call'\u001b[0m","      \u001b[36m# /home/ec2-user/.rvm/gems/ruby-2.6.3/gems/rack-2.2.3/lib/rack/etag.rb:27:in `call'\u001b[0m","      \u001b[36m# /home/ec2-user/.rvm/gems/ruby-2.6.3/gems/rack-2.2.3/lib/rack/conditional_get.rb:27:in `call'\u001b[0m","      \u001b[36m# /home/ec2-user/.rvm/gems/ruby-2.6.3/gems/rack-2.2.3/lib/rack/head.rb:12:in `call'\u001b[0m","      \u001b[36m# /home/ec2-user/.rvm/gems/ruby-2.6.3/gems/rack-2.2.3/lib/rack/session/abstract/id.rb:266:in `context'\u001b[0m","      \u001b[36m# /home/ec2-user/.rvm/gems/ruby-2.6.3/gems/rack-2.2.3/lib/rack/session/abstract/id.rb:260:in `call'\u001b[0m","      \u001b[36m# /home/ec2-user/.rvm/gems/ruby-2.6.3/gems/railties-5.2.5/lib/rails/rack/logger.rb:38:in `call_app'\u001b[0m","      \u001b[36m# /home/ec2-user/.rvm/gems/ruby-2.6.3/gems/railties-5.2.5/lib/rails/rack/logger.rb:26:in `block in call'\u001b[0m","      \u001b[36m# /home/ec2-user/.rvm/gems/ruby-2.6.3/gems/railties-5.2.5/lib/rails/rack/logger.rb:26:in `call'\u001b[0m","      \u001b[36m# /home/ec2-user/.rvm/gems/ruby-2.6.3/gems/rack-2.2.3/lib/rack/method_override.rb:24:in `call'\u001b[0m","      \u001b[36m# /home/ec2-user/.rvm/gems/ruby-2.6.3/gems/rack-2.2.3/lib/rack/runtime.rb:22:in `call'\u001b[0m","      \u001b[36m# /home/ec2-user/.rvm/gems/ruby-2.6.3/gems/rack-2.2.3/lib/rack/sendfile.rb:110:in `call'\u001b[0m","      \u001b[36m# /home/ec2-user/.rvm/gems/ruby-2.6.3/gems/railties-5.2.5/lib/rails/engine.rb:524:in `call'\u001b[0m","      \u001b[36m# /home/ec2-user/.rvm/gems/ruby-2.6.3/gems/rack-2.2.3/lib/rack/urlmap.rb:74:in `block in call'\u001b[0m","      \u001b[36m# /home/ec2-user/.rvm/gems/ruby-2.6.3/gems/rack-2.2.3/lib/rack/urlmap.rb:58:in `each'\u001b[0m","      \u001b[36m# /home/ec2-user/.rvm/gems/ruby-2.6.3/gems/rack-2.2.3/lib/rack/urlmap.rb:58:in `call'\u001b[0m","      \u001b[36m# /home/ec2-user/.rvm/gems/ruby-2.6.3/gems/rack-2.2.3/lib/rack/builder.rb:244:in `call'\u001b[0m","      \u001b[36m# /home/ec2-user/.rvm/gems/ruby-2.6.3/gems/rack-test-1.1.0/lib/rack/mock_session.rb:29:in `request'\u001b[0m","      \u001b[36m# /home/ec2-user/.rvm/gems/ruby-2.6.3/gems/rack-test-1.1.0/lib/rack/test.rb:266:in `process_request'\u001b[0m","      \u001b[36m# /home/ec2-user/.rvm/gems/ruby-2.6.3/gems/rack-test-1.1.0/lib/rack/test.rb:129:in `custom_request'\u001b[0m","      \u001b[36m# /home/ec2-user/.rvm/gems/ruby-2.6.3/gems/rack-test-1.1.0/lib/rack/test.rb:58:in `get'\u001b[0m","      \u001b[36m# /home/ec2-user/.rvm/gems/ruby-2.6.3/gems/capybara-3.35.3/lib/capybara/rack_test/browser.rb:72:in `process'\u001b[0m","      \u001b[36m# /home/ec2-user/.rvm/gems/ruby-2.6.3/gems/capybara-3.35.3/lib/capybara/rack_test/browser.rb:56:in `block in process_and_follow_redirects'\u001b[0m","      \u001b[36m# /home/ec2-user/.rvm/gems/ruby-2.6.3/gems/capybara-3.35.3/lib/capybara/rack_test/browser.rb:51:in `times'\u001b[0m","      \u001b[36m# /home/ec2-user/.rvm/gems/ruby-2.6.3/gems/capybara-3.35.3/lib/capybara/rack_test/browser.rb:51:in `process_and_follow_redirects'\u001b[0m","      \u001b[36m# /home/ec2-user/.rvm/gems/ruby-2.6.3/gems/capybara-3.35.3/lib/capybara/rack_test/browser.rb:24:in `visit'\u001b[0m","      \u001b[36m# /home/ec2-user/.rvm/gems/ruby-2.6.3/gems/capybara-3.35.3/lib/capybara/rack_test/driver.rb:46:in `visit'\u001b[0m","      \u001b[36m# /home/ec2-user/.rvm/gems/ruby-2.6.3/gems/capybara-3.35.3/lib/capybara/session.rb:278:in `visit'\u001b[0m","      \u001b[36m# /home/ec2-user/.rvm/gems/ruby-2.6.3/gems/capybara-3.35.3/lib/capybara/dsl.rb:58:in `block (2 levels) in <module:DSL>'\u001b[0m","      \u001b[36m# ./spec/system/03_finishing_touches_spec.rb:262:in `block (4 levels) in <main>'\u001b[0m","","  38) [STEP3] 仕上げのテスト 他人の画面のテスト 他人のユーザ詳細画面のテスト 表示の確認 投稿一覧のユーザ画像のリンク先が正しい","      \u001b[31mFailure/Error: expect(page).to have_link '', href: user_path(other_user)\u001b[0m","      \u001b[31m  expected to find link \"\" with href \"/users/1\" but there were no matches\u001b[0m","      \u001b[36m# ./spec/system/03_finishing_touches_spec.rb:277:in `block (5 levels) in <main>'\u001b[0m","","  39) [STEP3] 仕上げのテスト 他人の画面のテスト 他人のユーザ詳細画面のテスト 表示の確認 投稿一覧に他人の投稿のtitleが表示され、リンクが正しい","      \u001b[31mFailure/Error: expect(page).to have_link other_book.title, href: book_path(other_book)\u001b[0m","      \u001b[31m  expected to find link \"qr95y\" with href \"/books/2\" but there were no matches\u001b[0m","      \u001b[36m# ./spec/system/03_finishing_touches_spec.rb:280:in `block (5 levels) in <main>'\u001b[0m","","  40) [STEP3] 仕上げのテスト 他人の画面のテスト 他人のユーザ詳細画面のテスト サイドバーの確認 他人のユーザ編集画面へのリンクが存在する","      \u001b[31mFailure/Error: expect(page).to have_link '', href: edit_user_path(other_user)\u001b[0m","      \u001b[31m  expected to find link \"\" with href \"/users/1/edit\" but there were no matches\u001b[0m","      \u001b[36m# ./spec/system/03_finishing_touches_spec.rb:297:in `block (5 levels) in <main>'\u001b[0m","","  41) [STEP3] 仕上げのテスト グリッドシステムのテスト: container, row, col-md-〇を正しく使えている ユーザ詳細画面","      \u001b[31mFailure/Error: is_expected.to have_selector '.container .row .col-md-3'\u001b[0m","      \u001b[31m  expected to find css \".container .row .col-md-3\" but there were no matches\u001b[0m","      \u001b[36m# ./spec/system/03_finishing_touches_spec.rb:334:in `block (3 levels) in <main>'\u001b[0m","","  42) [STEP3] 仕上げのテスト グリッドシステムのテスト: container, row, col-md-〇を正しく使えている 投稿一覧画面","      \u001b[31mFailure/Error: @book = Book.find(params[:id])\u001b[0m","      \u001b[31m\u001b[0m","      \u001b[31mActiveRecord::RecordNotFound:\u001b[0m","      \u001b[31m  Couldn't find Book without an ID\u001b[0m","      \u001b[36m# ./app/controllers/books_controller.rb:8:in `index'\u001b[0m","      \u001b[36m# /home/ec2-user/.rvm/gems/ruby-2.6.3/gems/warden-1.2.9/lib/warden/manager.rb:36:in `block in call'\u001b[0m","      \u001b[36m# /home/ec2-user/.rvm/gems/ruby-2.6.3/gems/warden-1.2.9/lib/warden/manager.rb:34:in `catch'\u001b[0m","      \u001b[36m# /home/ec2-user/.rvm/gems/ruby-2.6.3/gems/warden-1.2.9/lib/warden/manager.rb:34:in `call'\u001b[0m","      \u001b[36m# /home/ec2-user/.rvm/gems/ruby-2.6.3/gems/rack-2.2.3/lib/rack/tempfile_reaper.rb:15:in `call'\u001b[0m","      \u001b[36m# /home/ec2-user/.rvm/gems/ruby-2.6.3/gems/rack-2.2.3/lib/rack/etag.rb:27:in `call'\u001b[0m","      \u001b[36m# /home/ec2-user/.rvm/gems/ruby-2.6.3/gems/rack-2.2.3/lib/rack/conditional_get.rb:27:in `call'\u001b[0m","      \u001b[36m# /home/ec2-user/.rvm/gems/ruby-2.6.3/gems/rack-2.2.3/lib/rack/head.rb:12:in `call'\u001b[0m","      \u001b[36m# /home/ec2-user/.rvm/gems/ruby-2.6.3/gems/rack-2.2.3/lib/rack/session/abstract/id.rb:266:in `context'\u001b[0m","      \u001b[36m# /home/ec2-user/.rvm/gems/ruby-2.6.3/gems/rack-2.2.3/lib/rack/session/abstract/id.rb:260:in `call'\u001b[0m","      \u001b[36m# /home/ec2-user/.rvm/gems/ruby-2.6.3/gems/railties-5.2.5/lib/rails/rack/logger.rb:38:in `call_app'\u001b[0m","      \u001b[36m# /home/ec2-user/.rvm/gems/ruby-2.6.3/gems/railties-5.2.5/lib/rails/rack/logger.rb:26:in `block in call'\u001b[0m","      \u001b[36m# /home/ec2-user/.rvm/gems/ruby-2.6.3/gems/railties-5.2.5/lib/rails/rack/logger.rb:26:in `call'\u001b[0m","      \u001b[36m# /home/ec2-user/.rvm/gems/ruby-2.6.3/gems/rack-2.2.3/lib/rack/method_override.rb:24:in `call'\u001b[0m","      \u001b[36m# /home/ec2-user/.rvm/gems/ruby-2.6.3/gems/rack-2.2.3/lib/rack/runtime.rb:22:in `call'\u001b[0m","      \u001b[36m# /home/ec2-user/.rvm/gems/ruby-2.6.3/gems/rack-2.2.3/lib/rack/sendfile.rb:110:in `call'\u001b[0m","      \u001b[36m# /home/ec2-user/.rvm/gems/ruby-2.6.3/gems/railties-5.2.5/lib/rails/engine.rb:524:in `call'\u001b[0m","      \u001b[36m# /home/ec2-user/.rvm/gems/ruby-2.6.3/gems/rack-2.2.3/lib/rack/urlmap.rb:74:in `block in call'\u001b[0m","      \u001b[36m# /home/ec2-user/.rvm/gems/ruby-2.6.3/gems/rack-2.2.3/lib/rack/urlmap.rb:58:in `each'\u001b[0m","      \u001b[36m# /home/ec2-user/.rvm/gems/ruby-2.6.3/gems/rack-2.2.3/lib/rack/urlmap.rb:58:in `call'\u001b[0m","      \u001b[36m# /home/ec2-user/.rvm/gems/ruby-2.6.3/gems/rack-2.2.3/lib/rack/builder.rb:244:in `call'\u001b[0m","      \u001b[36m# /home/ec2-user/.rvm/gems/ruby-2.6.3/gems/rack-test-1.1.0/lib/rack/mock_session.rb:29:in `request'\u001b[0m","      \u001b[36m# /home/ec2-user/.rvm/gems/ruby-2.6.3/gems/rack-test-1.1.0/lib/rack/test.rb:266:in `process_request'\u001b[0m","      \u001b[36m# /home/ec2-user/.rvm/gems/ruby-2.6.3/gems/rack-test-1.1.0/lib/rack/test.rb:129:in `custom_request'\u001b[0m","      \u001b[36m# /home/ec2-user/.rvm/gems/ruby-2.6.3/gems/rack-test-1.1.0/lib/rack/test.rb:58:in `get'\u001b[0m","      \u001b[36m# /home/ec2-user/.rvm/gems/ruby-2.6.3/gems/capybara-3.35.3/lib/capybara/rack_test/browser.rb:72:in `process'\u001b[0m","      \u001b[36m# /home/ec2-user/.rvm/gems/ruby-2.6.3/gems/capybara-3.35.3/lib/capybara/rack_test/browser.rb:47:in `process_and_follow_redirects'\u001b[0m","      \u001b[36m# /home/ec2-user/.rvm/gems/ruby-2.6.3/gems/capybara-3.35.3/lib/capybara/rack_test/browser.rb:24:in `visit'\u001b[0m","      \u001b[36m# /home/ec2-user/.rvm/gems/ruby-2.6.3/gems/capybara-3.35.3/lib/capybara/rack_test/driver.rb:46:in `visit'\u001b[0m","      \u001b[36m# /home/ec2-user/.rvm/gems/ruby-2.6.3/gems/capybara-3.35.3/lib/capybara/session.rb:278:in `visit'\u001b[0m","      \u001b[36m# /home/ec2-user/.rvm/gems/ruby-2.6.3/gems/capybara-3.35.3/lib/capybara/dsl.rb:58:in `block (2 levels) in <module:DSL>'\u001b[0m","      \u001b[36m# ./spec/system/03_finishing_touches_spec.rb:338:in `block (3 levels) in <main>'\u001b[0m","","  43) [STEP3] 仕上げのテスト アイコンのテスト サイドバー 投稿一覧画面でレンチアイコンが表示される","      \u001b[31mFailure/Error: @book = Book.find(params[:id])\u001b[0m","      \u001b[31m\u001b[0m","      \u001b[31mActiveRecord::RecordNotFound:\u001b[0m","      \u001b[31m  Couldn't find Book without an ID\u001b[0m","      \u001b[36m# ./app/controllers/books_controller.rb:8:in `index'\u001b[0m","      \u001b[36m# /home/ec2-user/.rvm/gems/ruby-2.6.3/gems/warden-1.2.9/lib/warden/manager.rb:36:in `block in call'\u001b[0m","      \u001b[36m# /home/ec2-user/.rvm/gems/ruby-2.6.3/gems/warden-1.2.9/lib/warden/manager.rb:34:in `catch'\u001b[0m","      \u001b[36m# /home/ec2-user/.rvm/gems/ruby-2.6.3/gems/warden-1.2.9/lib/warden/manager.rb:34:in `call'\u001b[0m","      \u001b[36m# /home/ec2-user/.rvm/gems/ruby-2.6.3/gems/rack-2.2.3/lib/rack/tempfile_reaper.rb:15:in `call'\u001b[0m","      \u001b[36m# /home/ec2-user/.rvm/gems/ruby-2.6.3/gems/rack-2.2.3/lib/rack/etag.rb:27:in `call'\u001b[0m","      \u001b[36m# /home/ec2-user/.rvm/gems/ruby-2.6.3/gems/rack-2.2.3/lib/rack/conditional_get.rb:27:in `call'\u001b[0m","      \u001b[36m# /home/ec2-user/.rvm/gems/ruby-2.6.3/gems/rack-2.2.3/lib/rack/head.rb:12:in `call'\u001b[0m","      \u001b[36m# /home/ec2-user/.rvm/gems/ruby-2.6.3/gems/rack-2.2.3/lib/rack/session/abstract/id.rb:266:in `context'\u001b[0m","      \u001b[36m# /home/ec2-user/.rvm/gems/ruby-2.6.3/gems/rack-2.2.3/lib/rack/session/abstract/id.rb:260:in `call'\u001b[0m","      \u001b[36m# /home/ec2-user/.rvm/gems/ruby-2.6.3/gems/railties-5.2.5/lib/rails/rack/logger.rb:38:in `call_app'\u001b[0m","      \u001b[36m# /home/ec2-user/.rvm/gems/ruby-2.6.3/gems/railties-5.2.5/lib/rails/rack/logger.rb:26:in `block in call'\u001b[0m","      \u001b[36m# /home/ec2-user/.rvm/gems/ruby-2.6.3/gems/railties-5.2.5/lib/rails/rack/logger.rb:26:in `call'\u001b[0m","      \u001b[36m# /home/ec2-user/.rvm/gems/ruby-2.6.3/gems/rack-2.2.3/lib/rack/method_override.rb:24:in `call'\u001b[0m","      \u001b[36m# /home/ec2-user/.rvm/gems/ruby-2.6.3/gems/rack-2.2.3/lib/rack/runtime.rb:22:in `call'\u001b[0m","      \u001b[36m# /home/ec2-user/.rvm/gems/ruby-2.6.3/gems/rack-2.2.3/lib/rack/sendfile.rb:110:in `call'\u001b[0m","      \u001b[36m# /home/ec2-user/.rvm/gems/ruby-2.6.3/gems/railties-5.2.5/lib/rails/engine.rb:524:in `call'\u001b[0m","      \u001b[36m# /home/ec2-user/.rvm/gems/ruby-2.6.3/gems/rack-2.2.3/lib/rack/urlmap.rb:74:in `block in call'\u001b[0m","      \u001b[36m# /home/ec2-user/.rvm/gems/ruby-2.6.3/gems/rack-2.2.3/lib/rack/urlmap.rb:58:in `each'\u001b[0m","      \u001b[36m# /home/ec2-user/.rvm/gems/ruby-2.6.3/gems/rack-2.2.3/lib/rack/urlmap.rb:58:in `call'\u001b[0m","      \u001b[36m# /home/ec2-user/.rvm/gems/ruby-2.6.3/gems/rack-2.2.3/lib/rack/builder.rb:244:in `call'\u001b[0m","      \u001b[36m# /home/ec2-user/.rvm/gems/ruby-2.6.3/gems/rack-test-1.1.0/lib/rack/mock_session.rb:29:in `request'\u001b[0m","      \u001b[36m# /home/ec2-user/.rvm/gems/ruby-2.6.3/gems/rack-test-1.1.0/lib/rack/test.rb:266:in `process_request'\u001b[0m","      \u001b[36m# /home/ec2-user/.rvm/gems/ruby-2.6.3/gems/rack-test-1.1.0/lib/rack/test.rb:129:in `custom_request'\u001b[0m","      \u001b[36m# /home/ec2-user/.rvm/gems/ruby-2.6.3/gems/rack-test-1.1.0/lib/rack/test.rb:58:in `get'\u001b[0m","      \u001b[36m# /home/ec2-user/.rvm/gems/ruby-2.6.3/gems/capybara-3.35.3/lib/capybara/rack_test/browser.rb:72:in `process'\u001b[0m","      \u001b[36m# /home/ec2-user/.rvm/gems/ruby-2.6.3/gems/capybara-3.35.3/lib/capybara/rack_test/browser.rb:47:in `process_and_follow_redirects'\u001b[0m","      \u001b[36m# /home/ec2-user/.rvm/gems/ruby-2.6.3/gems/capybara-3.35.3/lib/capybara/rack_test/browser.rb:24:in `visit'\u001b[0m","      \u001b[36m# /home/ec2-user/.rvm/gems/ruby-2.6.3/gems/capybara-3.35.3/lib/capybara/rack_test/driver.rb:46:in `visit'\u001b[0m","      \u001b[36m# /home/ec2-user/.rvm/gems/ruby-2.6.3/gems/capybara-3.35.3/lib/capybara/session.rb:278:in `visit'\u001b[0m","      \u001b[36m# /home/ec2-user/.rvm/gems/ruby-2.6.3/gems/capybara-3.35.3/lib/capybara/dsl.rb:58:in `block (2 levels) in <module:DSL>'\u001b[0m","      \u001b[36m# ./spec/system/03_finishing_touches_spec.rb:438:in `block (4 levels) in <main>'\u001b[0m","","Finished in 15.08 seconds (files took 1.48 seconds to load)","\u001b[31m197 examples, 43 failures\u001b[0m","","Failed examples:","","\u001b[31mrspec ./spec/system/01_before_login_spec.rb:249\u001b[0m \u001b[36m# [STEP1] ユーザログイン前のテスト ユーザログアウトのテスト ログアウト機能のテスト 正しくログアウトできている: ログアウト後のリダイレクト先においてAbout画面へのリンクが存在する\u001b[0m","\u001b[31mrspec ./spec/system/01_before_login_spec.rb:252\u001b[0m \u001b[36m# [STEP1] ユーザログイン前のテスト ユーザログアウトのテスト ログアウト機能のテスト ログアウト後のリダイレクト先が、トップになっている\u001b[0m","\u001b[31mrspec ./spec/system/02_after_login_spec.rb:20\u001b[0m \u001b[36m# [STEP2] ユーザログイン後のテスト ヘッダーのテスト: ログインしている場合 リンクの内容を確認: ※logoutは『ユーザログアウトのテスト』でテスト済みになります。 Homeを押すと、自分のユーザ詳細画面に遷移する\u001b[0m","\u001b[31mrspec ./spec/system/02_after_login_spec.rb:32\u001b[0m \u001b[36m# [STEP2] ユーザログイン後のテスト ヘッダーのテスト: ログインしている場合 リンクの内容を確認: ※logoutは『ユーザログアウトのテスト』でテスト済みになります。 Booksを押すと、投稿一覧画面に遷移する\u001b[0m","\u001b[31mrspec ./spec/system/02_after_login_spec.rb:47\u001b[0m \u001b[36m# [STEP2] ユーザログイン後のテスト 投稿一覧画面のテスト 表示内容の確認 URLが正しい\u001b[0m","\u001b[31mrspec ./spec/system/02_after_login_spec.rb:50\u001b[0m \u001b[36m# [STEP2] ユーザログイン後のテスト 投稿一覧画面のテスト 表示内容の確認 自分と他人の画像のリンク先が正しい\u001b[0m","\u001b[31mrspec ./spec/system/02_after_login_spec.rb:54\u001b[0m \u001b[36m# [STEP2] ユーザログイン後のテスト 投稿一覧画面のテスト 表示内容の確認 自分の投稿と他人の投稿のタイトルのリンク先がそれぞれ正しい\u001b[0m","\u001b[31mrspec ./spec/system/02_after_login_spec.rb:58\u001b[0m \u001b[36m# [STEP2] ユーザログイン後のテスト 投稿一覧画面のテスト 表示内容の確認 自分の投稿と他人の投稿のオピニオンが表示される\u001b[0m","\u001b[31mrspec ./spec/system/02_after_login_spec.rb:65\u001b[0m \u001b[36m# [STEP2] ユーザログイン後のテスト 投稿一覧画面のテスト サイドバーの確認 自分の名前と紹介文が表示される\u001b[0m","\u001b[31mrspec ./spec/system/02_after_login_spec.rb:69\u001b[0m \u001b[36m# [STEP2] ユーザログイン後のテスト 投稿一覧画面のテスト サイドバーの確認 自分のユーザ編集画面へのリンクが存在する\u001b[0m","\u001b[31mrspec ./spec/system/02_after_login_spec.rb:72\u001b[0m \u001b[36m# [STEP2] ユーザログイン後のテスト 投稿一覧画面のテスト サイドバーの確認 「New book」と表示される\u001b[0m","\u001b[31mrspec ./spec/system/02_after_login_spec.rb:75\u001b[0m \u001b[36m# [STEP2] ユーザログイン後のテスト 投稿一覧画面のテスト サイドバーの確認 titleフォームが表示される\u001b[0m","\u001b[31mrspec ./spec/system/02_after_login_spec.rb:78\u001b[0m \u001b[36m# [STEP2] ユーザログイン後のテスト 投稿一覧画面のテスト サイドバーの確認 titleフォームに値が入っていない\u001b[0m","\u001b[31mrspec ./spec/system/02_after_login_spec.rb:81\u001b[0m \u001b[36m# [STEP2] ユーザログイン後のテスト 投稿一覧画面のテスト サイドバーの確認 opinionフォームが表示される\u001b[0m","\u001b[31mrspec ./spec/system/02_after_login_spec.rb:84\u001b[0m \u001b[36m# [STEP2] ユーザログイン後のテスト 投稿一覧画面のテスト サイドバーの確認 opinionフォームに値が入っていない\u001b[0m","\u001b[31mrspec ./spec/system/02_after_login_spec.rb:87\u001b[0m \u001b[36m# [STEP2] ユーザログイン後のテスト 投稿一覧画面のテスト サイドバーの確認 Create Bookボタンが表示される\u001b[0m","\u001b[31mrspec ./spec/system/02_after_login_spec.rb:98\u001b[0m \u001b[36m# [STEP2] ユーザログイン後のテスト 投稿一覧画面のテスト 投稿成功のテスト 自分の新しい投稿が正しく保存される\u001b[0m","\u001b[31mrspec ./spec/system/02_after_login_spec.rb:101\u001b[0m \u001b[36m# [STEP2] ユーザログイン後のテスト 投稿一覧画面のテスト 投稿成功のテスト リダイレクト先が、保存できた投稿の詳細画面になっている\u001b[0m","\u001b[31mrspec ./spec/system/02_after_login_spec.rb:188\u001b[0m \u001b[36m# [STEP2] ユーザログイン後のテスト 自分の投稿詳細画面のテスト 削除リンクのテスト 正しく削除される\u001b[0m","\u001b[31mrspec ./spec/system/02_after_login_spec.rb:191\u001b[0m \u001b[36m# [STEP2] ユーザログイン後のテスト 自分の投稿詳細画面のテスト 削除リンクのテスト リダイレクト先が、投稿一覧画面になっている\u001b[0m","\u001b[31mrspec ./spec/system/02_after_login_spec.rb:308\u001b[0m \u001b[36m# [STEP2] ユーザログイン後のテスト 自分のユーザ詳細画面のテスト 表示の確認 投稿一覧のユーザ画像のリンク先が正しい\u001b[0m","\u001b[31mrspec ./spec/system/02_after_login_spec.rb:311\u001b[0m \u001b[36m# [STEP2] ユーザログイン後のテスト 自分のユーザ詳細画面のテスト 表示の確認 投稿一覧に自分の投稿のtitleが表示され、リンクが正しい\u001b[0m","\u001b[31mrspec ./spec/system/03_finishing_touches_spec.rb:47\u001b[0m \u001b[36m# [STEP3] 仕上げのテスト サクセスメッセージのテスト 投稿データの新規投稿成功時: 投稿一覧画面から行います。\u001b[0m","\u001b[31mrspec ./spec/system/03_finishing_touches_spec.rb:112\u001b[0m \u001b[36m# [STEP3] 仕上げのテスト 処理失敗時のテスト ユーザのプロフィール情報編集失敗: nameを1文字にする ユーザ編集画面を表示しており、フォームの内容が正しい\u001b[0m","\u001b[31mrspec ./spec/system/03_finishing_touches_spec.rb:115\u001b[0m \u001b[36m# [STEP3] 仕上げのテスト 処理失敗時のテスト ユーザのプロフィール情報編集失敗: nameを1文字にする バリデーションエラーが表示される\u001b[0m","\u001b[31mrspec ./spec/system/03_finishing_touches_spec.rb:131\u001b[0m \u001b[36m# [STEP3] 仕上げのテスト 処理失敗時のテスト 投稿データの新規投稿失敗: 投稿一覧画面から行い、titleを空にする 投稿が保存されない\u001b[0m","\u001b[31mrspec ./spec/system/03_finishing_touches_spec.rb:134\u001b[0m \u001b[36m# [STEP3] 仕上げのテスト 処理失敗時のテスト 投稿データの新規投稿失敗: 投稿一覧画面から行い、titleを空にする 投稿一覧画面を表示している\u001b[0m","\u001b[31mrspec ./spec/system/03_finishing_touches_spec.rb:140\u001b[0m \u001b[36m# [STEP3] 仕上げのテスト 処理失敗時のテスト 投稿データの新規投稿失敗: 投稿一覧画面から行い、titleを空にする 新規投稿フォームの内容が正しい\u001b[0m","\u001b[31mrspec ./spec/system/03_finishing_touches_spec.rb:144\u001b[0m \u001b[36m# [STEP3] 仕上げのテスト 処理失敗時のテスト 投稿データの新規投稿失敗: 投稿一覧画面から行い、titleを空にする バリデーションエラーが表示される\u001b[0m","\u001b[31mrspec ./spec/system/03_finishing_touches_spec.rb:225\u001b[0m \u001b[36m# [STEP3] 仕上げのテスト 他人の画面のテスト 他人の投稿詳細画面のテスト 表示内容の確認 ユーザ画像・名前のリンク先が正しい\u001b[0m","\u001b[31mrspec ./spec/system/03_finishing_touches_spec.rb:234\u001b[0m \u001b[36m# [STEP3] 仕上げのテスト 他人の画面のテスト 他人の投稿詳細画面のテスト 表示内容の確認 投稿の編集リンクが表示されない\u001b[0m","\u001b[31mrspec ./spec/system/03_finishing_touches_spec.rb:237\u001b[0m \u001b[36m# [STEP3] 仕上げのテスト 他人の画面のテスト 他人の投稿詳細画面のテスト 表示内容の確認 投稿の削除リンクが表示されない\u001b[0m","\u001b[31mrspec ./spec/system/03_finishing_touches_spec.rb:243\u001b[0m \u001b[36m# [STEP3] 仕上げのテスト 他人の画面のテスト 他人の投稿詳細画面のテスト サイドバーの確認 他人の名前と紹介文が表示される\u001b[0m","\u001b[31mrspec ./spec/system/03_finishing_touches_spec.rb:247\u001b[0m \u001b[36m# [STEP3] 仕上げのテスト 他人の画面のテスト 他人の投稿詳細画面のテスト サイドバーの確認 他人のユーザ編集画面へのリンクが存在する\u001b[0m","\u001b[31mrspec ./spec/system/03_finishing_touches_spec.rb:250\u001b[0m \u001b[36m# [STEP3] 仕上げのテスト 他人の画面のテスト 他人の投稿詳細画面のテスト サイドバーの確認 自分の名前と紹介文は表示されない\u001b[0m","\u001b[31mrspec ./spec/system/03_finishing_touches_spec.rb:254\u001b[0m \u001b[36m# [STEP3] 仕上げのテスト 他人の画面のテスト 他人の投稿詳細画面のテスト サイドバーの確認 自分のユーザ編集画面へのリンクは存在しない\u001b[0m","\u001b[31mrspec ./spec/system/03_finishing_touches_spec.rb:261\u001b[0m \u001b[36m# [STEP3] 仕上げのテスト 他人の画面のテスト 他人の投稿編集画面 遷移できず、投稿一覧画面にリダイレクトされる\u001b[0m","\u001b[31mrspec ./spec/system/03_finishing_touches_spec.rb:276\u001b[0m \u001b[36m# [STEP3] 仕上げのテスト 他人の画面のテスト 他人のユーザ詳細画面のテスト 表示の確認 投稿一覧のユーザ画像のリンク先が正しい\u001b[0m","\u001b[31mrspec ./spec/system/03_finishing_touches_spec.rb:279\u001b[0m \u001b[36m# [STEP3] 仕上げのテスト 他人の画面のテスト 他人のユーザ詳細画面のテスト 表示の確認 投稿一覧に他人の投稿のtitleが表示され、リンクが正しい\u001b[0m","\u001b[31mrspec ./spec/system/03_finishing_touches_spec.rb:296\u001b[0m \u001b[36m# [STEP3] 仕上げのテスト 他人の画面のテスト 他人のユーザ詳細画面のテスト サイドバーの確認 他人のユーザ編集画面へのリンクが存在する\u001b[0m","\u001b[31mrspec ./spec/system/03_finishing_touches_spec.rb:332\u001b[0m \u001b[36m# [STEP3] 仕上げのテスト グリッドシステムのテスト: container, row, col-md-〇を正しく使えている ユーザ詳細画面\u001b[0m","\u001b[31mrspec ./spec/system/03_finishing_touches_spec.rb:337\u001b[0m \u001b[36m# [STEP3] 仕上げのテスト グリッドシステムのテスト: container, row, col-md-〇を正しく使えている 投稿一覧画面\u001b[0m","\u001b[31mrspec ./spec/system/03_finishing_touches_spec.rb:437\u001b[0m \u001b[36m# [STEP3] 仕上げのテスト アイコンのテスト サイドバー 投稿一覧画面でレンチアイコンが表示される\u001b[0m","",""],"id":2}]]},"ace":{"folds":[],"scrolltop":0,"scrollleft":0,"selection":{"start":{"row":0,"column":0},"end":{"row":0,"column":0},"isBackwards":false},"options":{"guessTabSize":true,"useWrapMode":false,"wrapToView":true},"firstLineState":0},"hash":"3b47d95c3ed7de06d522182f27cce96d14eccd73","timestamp":1619596196940}